1 11
1 12
1 15
1 18
1 37
1 43
1 74
1 114
1 209
1 210
1 215
1 287
1 292
1 335
1 358
1 447
1 550
1 585
1 602
1 607
1 608
1 613
1 624
1 638
1 668
1 674
1 692
1 801
1 875
1 883
1 891
1 892
1 911
1 918
1 1096
1 1119
1 1145
1 1206
1 1386
1 1466
1 1560
1 1581
1 1834
1 2079
1 2195
1 2269
1 2457
1 2470
1 2569
1 2596
1 2842
1 3031
1 3071
1 3183
1 3230
1 3451
1 3453
1 3570
1 3650
1 3709
1 3729
1 3748
1 3798
1 3820
1 3853
1 3856
1 3935
1 3974
1 3984
1 4008
1 4010
1 4015
1 4022
1 4024
1 4035
2 33
2 35
2 42
2 47
2 49
2 52
2 70
2 81
2 90
2 138
2 145
2 153
2 154
2 160
2 179
2 183
2 192
2 205
2 216
2 233
2 234
2 241
2 244
2 255
2 256
2 267
2 279
2 282
2 286
2 301
2 305
2 316
2 377
2 379
2 383
2 386
2 401
2 443
2 468
2 581
2 642
2 648
2 699
2 744
2 749
2 750
2 757
2 775
2 841
2 859
2 860
2 904
2 1065
2 1176
2 1224
2 1233
2 1262
2 1270
2 1276
2 1326
2 1394
2 1395
2 1430
2 1558
2 1690
2 1755
2 1854
2 1967
2 2382
2 2541
2 2704
2 2740
2 2788
2 2814
2 2857
2 3006
2 3125
2 3134
2 3268
2 3282
2 3407
2 3408
2 3589
2 3688
2 3704
2 3732
2 3746
2 3801
2 3807
2 3808
2 3846
2 3854
2 3875
2 3879
2 3885
2 3922
2 3942
2 3959
2 3983
2 3987
2 4001
2 4006
2 4012
2 4028
2 4029
2 4032
2 4034
2 4036
3 61
3 71
3 76
3 97
3 112
3 120
3 124
3 155
3 157
3 164
3 174
3 182
3 191
3 207
3 228
3 240
3 247
3 253
3 270
3 293
3 294
3 307
3 321
3 336
3 356
3 411
3 448
3 453
3 454
3 499
3 571
3 656
3 660
3 667
3 743
3 785
3 854
3 899
3 1002
3 1027
3 1034
3 1046
3 1071
3 1105
3 1194
3 1208
3 1252
3 1253
3 1353
3 1362
3 1546
3 1586
3 1627
3 1693
3 1760
3 1890
3 2106
3 2168
3 2178
3 2380
3 2442
3 2481
3 2483
3 2527
3 2595
3 2691
3 2714
3 2722
3 2792
3 2798
3 2808
3 2860
3 2922
3 2952
3 2975
3 2998
3 3037
3 3121
3 3375
3 3413
3 3467
3 3560
3 3575
3 3582
3 3597
3 3689
3 3691
3 3699
3 3717
3 3733
3 3744
3 3811
3 3816
3 3928
3 3954
3 3955
3 3991
3 3992
3 3996
3 3999
3 4005
3 4033
4 125
4 166
4 190
4 193
4 201
4 202
4 206
4 220
4 230
4 262
4 283
4 288
4 289
4 327
4 351
4 384
4 406
4 437
4 464
4 467
4 472
4 498
4 530
4 532
4 552
4 572
4 652
4 673
4 717
4 788
4 790
4 798
4 825
4 832
4 851
4 852
4 855
4 864
4 865
4 866
4 868
4 877
4 879
4 884
4 893
4 894
4 945
4 996
4 1022
4 1031
4 1133
4 1157
4 1200
4 1240
4 1383
4 1442
4 1474
4 1510
4 1651
4 1711
4 1713
4 1762
4 1797
4 1856
4 1937
4 1969
4 1996
4 2015
4 2017
4 2204
4 2421
4 2422
4 2437
4 2441
4 2565
4 2634
4 2838
4 2855
4 2885
4 2963
4 2971
4 3003
4 3143
4 3271
4 3290
4 3444
4 3477
4 3494
4 3537
4 3544
4 3565
4 3588
4 3619
4 3637
4 3653
4 3673
4 3686
4 3694
4 3742
4 3765
4 3781
4 3849
4 3865
4 3882
4 3887
4 3897
4 3910
4 3939
4 3946
4 3952
4 3953
4 3965
4 3978
4 3989
4 3990
4 4007
4 4011
4 4016
4 4025
4 4037
5 6
5 8
5 27
5 34
5 46
5 77
5 89
5 91
5 95
5 110
5 117
5 147
5 152
5 219
5 229
5 235
5 245
5 250
5 259
5 264
5 269
5 319
5 349
5 371
5 485
5 533
5 562
5 593
5 594
5 610
5 649
5 671
5 704
5 721
5 735
5 802
5 846
5 858
5 870
5 871
5 881
5 895
5 910
5 929
5 987
5 1038
5 1057
5 1087
5 1147
5 1202
5 1254
5 1264
5 1295
5 1297
5 1346
5 1354
5 1417
5 1455
5 1476
5 1486
5 1579
5 1607
5 1654
5 1657
5 1664
5 1701
5 1776
5 1777
5 1838
5 2034
5 2041
5 2167
5 2219
5 2230
5 2321
5 2358
5 2431
5 2456
5 2505
5 2692
5 2736
5 2774
5 2776
5 2817
5 2884
5 2980
5 3044
5 3055
5 3059
5 3074
5 3127
5 3147
5 3227
5 3270
5 3305
5 3310
5 3429
5 3489
5 3513
5 3548
5 3606
5 3632
5 3652
5 3661
5 3665
5 3676
5 3678
5 3720
5 3727
5 3745
5 3749
5 3751
5 3787
5 3789
5 3795
5 3805
5 3806
5 3839
5 3844
5 3848
5 3890
5 3904
5 3908
5 3923
5 3925
5 3963
5 3970
5 4002
5 4003
5 4013
5 4020
5 4027
5 4031
5 4038
6 32
6 44
6 58
6 63
6 86
6 93
6 102
6 126
6 163
6 167
6 173
6 243
6 260
6 263
6 296
6 337
6 340
6 365
6 390
6 427
6 476
6 480
6 549
6 655
6 657
6 691
6 776
6 867
6 872
6 873
6 874
6 885
6 887
6 912
6 937
6 1151
6 1168
6 1263
6 1301
6 1498
6 1521
6 1759
6 1792
6 1855
6 1924
6 1956
6 1961
6 1974
6 2094
6 2100
6 2227
6 2245
6 2263
6 2281
6 2301
6 2375
6 2388
6 2487
6 2493
6 2517
6 2528
6 2535
6 2580
6 2621
6 2651
6 2671
6 2721
6 2767
6 2805
6 2824
6 2899
6 3045
6 3091
6 3161
6 3175
6 3216
6 3217
6 3370
6 3432
6 3441
6 3447
6 3457
6 3487
6 3504
6 3530
6 3536
6 3539
6 3551
6 3566
6 3626
6 3660
6 3682
6 3723
6 3724
6 3771
6 3775
6 3812
6 3814
6 3859
6 3893
6 3894
6 3916
6 3936
6 3941
6 3949
6 3961
6 3977
6 3985
6 3986
6 3988
6 3993
6 3995
6 4000
6 4004
6 4014
6 4017
6 4021
6 4026
7 19
7 23
7 51
7 54
7 64
7 68
7 83
7 99
7 100
7 129
7 131
7 143
7 150
7 151
7 171
7 175
7 177
7 189
7 198
7 208
7 217
7 225
7 227
7 237
7 278
7 300
7 310
7 311
7 317
7 338
7 347
7 364
7 393
7 399
7 441
7 478
7 501
7 534
7 540
7 564
7 586
7 621
7 679
7 700
7 740
7 767
7 791
7 796
7 811
7 869
7 890
7 923
7 935
7 985
7 1053
7 1058
7 1193
7 1203
7 1248
7 1372
7 1387
7 1552
7 1640
7 1840
7 1896
7 2008
7 2051
7 2113
7 2217
7 2256
7 2439
7 2450
7 2548
7 2558
7 2632
7 2732
7 2752
7 2811
7 2886
7 2893
7 2898
7 2902
7 2930
7 3083
7 3094
7 3126
7 3128
7 3131
7 3159
7 3165
7 3180
7 3181
7 3197
7 3251
7 3269
7 3317
7 3322
7 3323
7 3333
7 3336
7 3372
7 3389
7 3424
7 3436
7 3439
7 3445
7 3446
7 3490
7 3502
7 3531
7 3546
7 3549
7 3552
7 3580
7 3583
7 3585
7 3600
7 3616
7 3624
7 3638
7 3647
7 3662
7 3669
7 3679
7 3700
7 3716
7 3772
7 3799
7 3813
7 3827
7 3834
7 3847
7 3863
7 3864
7 3880
7 3899
7 3901
7 3905
7 3911
7 3914
7 3932
7 3980
7 3981
7 3982
7 3994
7 3997
7 3998
7 4009
7 4018
7 4019
7 4023
7 4030
8 38
8 60
8 96
8 106
8 162
8 221
8 333
8 344
8 385
8 663
8 672
8 689
8 702
8 707
8 710
8 712
8 714
8 725
8 732
8 733
8 736
8 742
8 746
8 761
8 768
8 771
8 782
8 786
8 789
8 806
8 812
8 813
8 816
8 818
8 822
8 833
8 839
8 850
8 857
8 880
8 882
8 886
8 998
8 1008
8 1023
8 1073
8 1093
8 1103
8 1154
8 1162
8 1220
8 1268
8 1414
8 1445
8 1461
8 1477
8 1506
8 1599
8 1696
8 1697
8 1731
8 1775
8 1814
8 1865
8 1949
8 1977
8 2066
8 2175
8 2182
8 2514
8 2725
8 2799
8 2861
8 2895
8 2903
8 2926
8 3030
8 3053
8 3066
8 3105
8 3122
8 3141
8 3200
8 3218
8 3235
8 3266
8 3308
8 3338
8 3354
8 3376
8 3398
8 3401
8 3425
8 3427
8 3428
8 3461
8 3507
8 3522
8 3572
8 3592
8 3607
8 3610
8 3621
8 3659
8 3664
8 3671
8 3712
8 3754
8 3755
8 3843
8 3861
8 3871
8 3888
8 3950
8 3958
8 3973
8 3979
9 2
9 4
9 16
9 17
9 20
9 22
9 29
9 73
9 78
9 111
9 137
9 139
9 140
9 146
9 168
9 181
9 195
9 214
9 218
9 273
9 275
9 306
9 328
9 429
9 433
9 449
9 466
9 522
9 529
9 574
9 587
9 631
9 690
9 729
9 753
9 759
9 769
9 804
9 808
9 821
9 861
9 863
9 876
9 878
9 888
9 889
9 909
9 928
9 950
9 955
9 956
9 961
9 974
9 979
9 1000
9 1016
9 1030
9 1043
9 1045
9 1061
9 1111
9 1134
9 1138
9 1140
9 1177
9 1197
9 1218
9 1239
9 1368
9 1384
9 1403
9 1443
9 1490
9 1499
9 1562
9 1631
9 1670
9 1708
9 1788
9 1808
9 1889
9 1908
9 2013
9 2080
9 2166
9 2251
9 2265
9 2316
9 2452
9 2545
9 2678
9 2688
9 2760
9 2790
9 2804
9 2826
9 2834
9 2933
9 2935
9 2949
9 2983
9 2997
9 3012
9 3028
9 3063
9 3153
9 3155
9 3164
9 3334
9 3368
9 3388
9 3402
9 3405
9 3454
9 3492
9 3515
9 3543
9 3547
9 3603
9 3614
9 3666
9 3767
9 3770
9 3872
9 3876
9 3934
10 5
10 10
10 14
10 28
10 36
10 41
10 50
10 69
10 84
10 115
10 116
10 121
10 135
10 144
10 149
10 156
10 165
10 222
10 226
10 251
10 295
10 309
10 312
10 326
10 343
10 405
10 435
10 459
10 541
10 568
10 584
10 616
10 622
10 639
10 682
10 715
10 756
10 799
10 826
10 1013
10 1094
10 1342
10 1411
10 1463
10 1527
10 1749
10 1915
10 2014
10 2158
10 2177
10 2252
10 2255
10 2453
10 2466
10 2685
10 2771
10 2791
10 2801
10 2802
10 2882
10 2942
10 2961
10 3015
10 3061
10 3088
10 3099
10 3133
10 3358
10 3418
10 3483
10 3520
10 3598
10 3631
10 3641
10 3681
10 3766
10 3777
10 3779
10 3796
10 3823
10 3878
10 3895
10 3940
11 45
11 65
11 87
11 108
11 127
11 159
11 178
11 184
11 197
11 268
11 281
11 284
11 298
11 314
11 318
11 320
11 380
11 477
11 490
11 491
11 502
11 629
11 646
11 716
11 723
11 763
11 836
11 920
11 943
11 986
11 1050
11 1055
11 1088
11 1090
11 1178
11 1244
11 1266
11 1401
11 1434
11 1441
11 1544
11 1564
11 1585
11 1641
11 1822
11 1860
11 1887
11 1905
11 1933
11 1934
11 1950
11 2105
11 2130
11 2193
11 2238
11 2357
11 2360
11 2373
11 2424
11 2568
11 2614
11 2695
11 2700
11 2709
11 2816
11 2818
11 2837
11 2852
11 2878
11 2900
11 2941
11 2957
11 2968
11 3057
11 3067
11 3092
11 3202
11 3254
11 3281
11 3311
11 3343
11 3349
11 3367
11 3459
11 3470
11 3472
11 3482
11 3496
11 3503
11 3532
11 3556
11 3622
11 3644
11 3654
11 3668
11 3685
11 3698
11 3763
11 3769
11 3778
11 3784
11 3817
11 3832
11 3840
11 3857
12 7
12 39
12 57
12 75
12 79
12 85
12 105
12 246
12 258
12 274
12 341
12 357
12 369
12 381
12 382
12 407
12 424
12 440
12 442
12 457
12 469
12 486
12 505
12 508
12 509
12 516
12 518
12 528
12 535
12 551
12 554
12 575
12 628
12 751
12 762
12 837
12 1089
12 1127
12 1150
12 1251
12 1364
12 1422
12 1492
12 1518
12 1537
12 1602
12 1779
12 1802
12 1853
12 1892
12 1901
12 1922
12 2152
12 2181
12 2277
12 2455
12 2515
12 2562
12 2587
12 2656
12 2677
12 2693
12 2699
12 2710
12 2723
12 2726
12 2727
12 2744
12 2766
12 2769
12 2809
12 2821
12 2822
12 2847
12 2954
12 3024
12 3095
12 3112
12 3130
12 3139
12 3156
12 3190
12 3205
12 3222
12 3229
12 3245
12 3278
12 3292
12 3300
12 3361
12 3392
12 3473
12 3479
12 3481
12 3505
12 3512
12 3516
12 3523
12 3533
12 3538
12 3541
12 3562
12 3564
12 3567
12 3581
12 3594
12 3595
12 3613
12 3628
12 3639
12 3649
12 3657
12 3695
12 3703
12 3725
12 3736
12 3739
12 3743
12 3773
12 3788
12 3819
12 3850
12 3868
12 3874
12 3883
12 3892
12 3898
12 3912
12 3917
12 3919
12 3929
12 3944
13 1
13 3
13 88
13 130
13 132
13 176
13 196
13 257
13 290
13 345
13 372
13 410
13 588
13 626
13 634
13 693
13 722
13 737
13 765
13 778
13 794
13 795
13 831
13 843
13 844
13 900
13 907
13 1005
13 1077
13 1171
13 1317
13 1642
13 1676
13 1739
13 1748
13 1874
13 1930
13 1988
13 1992
13 2070
13 2076
13 2114
13 2119
13 2170
13 2207
13 2262
13 2291
13 2320
13 2349
13 2401
13 2402
13 2426
13 2444
13 2486
13 2490
13 2513
13 2524
13 2622
13 2650
13 2682
13 2697
13 2707
13 2734
13 2747
13 2764
13 2789
13 2807
13 2820
13 2851
13 2856
13 2858
13 2876
13 2888
13 2923
13 2962
13 2964
13 2978
13 2979
13 2990
13 2999
13 3048
13 3069
13 3144
13 3157
13 3208
13 3242
13 3244
13 3246
13 3249
13 3328
13 3340
13 3352
13 3373
13 3374
13 3383
13 3465
13 3476
13 3478
13 3484
13 3499
13 3500
13 3508
13 3511
13 3519
13 3524
13 3535
13 3555
13 3561
13 3571
13 3579
13 3587
13 3612
13 3630
13 3645
13 3655
13 3663
13 3675
13 3690
13 3696
13 3701
13 3708
13 3747
13 3757
13 3759
13 3760
13 3774
13 3776
13 3780
13 3783
13 3791
13 3792
13 3803
13 3809
13 3821
13 3825
13 3836
13 3837
13 3855
13 3918
13 3920
13 3927
13 3933
13 3937
13 3957
13 3960
13 3964
13 3967
13 3975
14 30
14 31
14 48
14 103
14 148
14 303
14 330
14 339
14 470
14 539
14 576
14 590
14 612
14 623
14 633
14 664
14 678
14 685
14 720
14 730
14 741
14 803
14 931
14 939
14 970
14 991
14 1033
14 1042
14 1064
14 1143
14 1174
14 1212
14 1234
14 1249
14 1325
14 1356
14 1385
14 1478
14 1566
14 1594
14 1726
14 1756
14 1817
14 1829
14 1982
14 2082
14 2099
14 2120
14 2146
14 2156
14 2160
14 2162
14 2205
14 2260
14 2341
14 2405
14 2412
14 2522
14 2523
14 2570
14 2577
14 2599
14 2663
14 2670
14 2696
14 2703
14 2735
14 2879
14 2883
14 2889
14 2934
14 2959
14 2965
14 2972
14 2982
14 2995
14 3008
14 3058
14 3068
14 3081
14 3138
14 3151
14 3173
14 3210
14 3231
14 3283
14 3307
14 3309
14 3314
14 3315
14 3318
14 3325
14 3326
14 3329
14 3382
14 3409
14 3423
14 3443
14 3460
14 3464
14 3466
14 3468
14 3469
14 3474
14 3510
14 3517
14 3529
14 3534
14 3550
14 3554
14 3568
14 3601
14 3602
14 3617
14 3620
14 3623
14 3634
14 3646
14 3648
14 3715
14 3719
14 3726
14 3738
14 3752
14 3761
14 3764
14 3768
14 3782
14 3786
14 3802
14 3815
14 3818
14 3829
14 3866
14 3881
14 3915
14 3931
14 3945
14 3956
14 3972
14 3976
15 24
15 53
15 66
15 80
15 92
15 94
15 101
15 133
15 180
15 187
15 194
15 204
15 212
15 231
15 242
15 249
15 254
15 266
15 299
15 302
15 329
15 346
15 350
15 413
15 446
15 521
15 543
15 569
15 573
15 579
15 589
15 592
15 597
15 598
15 603
15 605
15 609
15 611
15 617
15 618
15 619
15 620
15 625
15 630
15 636
15 644
15 653
15 654
15 666
15 677
15 680
15 684
15 862
15 905
15 951
15 965
15 973
15 990
15 1007
15 1084
15 1098
15 1144
15 1161
15 1165
15 1213
15 1328
15 1410
15 1419
15 1450
15 1531
15 1534
15 1666
15 1674
15 1678
15 1710
15 1719
15 1758
15 1869
15 1883
15 1910
15 1936
15 1978
15 1990
15 2012
15 2173
15 2248
15 2270
15 2286
15 2314
15 2403
15 2454
15 2497
15 2503
15 2534
15 2584
15 2618
15 2667
15 2746
15 2795
15 2803
15 2813
15 2825
15 2831
15 2848
15 2868
15 2870
15 2938
15 3043
15 3050
15 3093
15 3110
15 3167
15 3171
15 3178
15 3211
15 3276
15 3289
15 3312
15 3357
15 3371
15 3393
15 3404
15 3410
15 3430
15 3431
15 3452
15 3458
15 3493
15 3558
15 3574
15 3584
15 3615
15 3643
15 3658
15 3711
15 3718
15 3735
15 3758
15 3762
15 3810
15 3870
15 3889
15 3896
15 3903
15 3909
15 3947
15 3969
16 276
16 308
16 331
16 362
16 425
16 426
16 687
16 709
16 718
16 734
16 739
16 748
16 755
16 758
16 764
16 770
16 772
16 777
16 779
16 783
16 787
16 792
16 793
16 797
16 807
16 809
16 817
16 835
16 838
16 848
16 849
16 908
16 914
16 1136
16 1187
16 1274
16 1283
16 1307
16 1321
16 1337
16 1360
16 1397
16 1421
16 1424
16 1433
16 1481
16 1494
16 1501
16 1505
16 1511
16 1555
16 1561
16 1567
16 1588
16 1593
16 1615
16 1646
16 1656
16 1687
16 1698
16 1700
16 1705
16 1743
16 1780
16 1784
16 1803
16 1806
16 1825
16 1830
16 1847
16 1852
16 1858
16 1866
16 1960
16 1965
16 1975
16 2023
16 2035
16 2049
16 2089
16 2091
16 2107
16 2126
16 2129
16 2197
16 2228
16 2231
16 2236
16 2305
16 2312
16 2317
16 2335
16 2342
16 2361
16 2371
16 2397
16 2411
16 2413
16 2440
16 2448
16 2474
16 2488
16 2540
16 2628
16 2644
16 2690
16 2759
16 2762
16 2784
16 2836
16 2841
16 2947
16 3020
16 3103
16 3186
16 3192
16 3194
16 3221
16 3241
16 3248
16 3275
16 3359
16 3442
16 3455
16 3463
16 3486
16 3498
16 3506
16 3509
16 3521
16 3526
16 3553
16 3563
16 3569
16 3590
16 3591
16 3593
16 3599
16 3608
16 3629
16 3636
16 3680
16 3683
16 3705
16 3706
16 3710
16 3713
16 3714
16 3722
16 3728
16 3740
16 3741
16 3753
16 3785
16 3793
16 3794
16 3822
16 3826
16 3831
16 3833
16 3835
16 3862
16 3867
16 3869
16 3900
16 3906
16 3907
16 3921
16 3924
16 3951
17 55
17 59
17 123
17 134
17 158
17 248
17 375
17 462
17 558
17 647
17 665
17 698
17 701
17 703
17 711
17 727
17 728
17 738
17 845
17 856
17 940
17 1141
17 1152
17 1169
17 1186
17 1308
17 1418
17 1453
17 1575
17 1650
17 1913
17 1952
17 2019
17 2036
17 2048
17 2185
17 2186
17 2214
17 2298
17 2400
17 2443
17 2605
17 2641
17 2779
17 2794
17 2812
17 2819
17 2859
17 3009
17 3042
17 3075
17 3109
17 3223
17 3279
17 3420
17 3421
17 3462
17 3485
17 3559
17 3573
17 3627
17 3891
18 72
18 82
18 185
18 232
18 238
18 324
18 334
18 354
18 359
18 361
18 396
18 403
18 418
18 450
18 455
18 458
18 474
18 481
18 489
18 510
18 519
18 531
18 546
18 547
18 676
18 706
18 708
18 754
18 814
18 819
18 840
18 964
18 1062
18 1228
18 1497
18 1658
18 1667
18 1672
18 1745
18 1831
18 2016
18 2249
18 2572
18 2668
18 2702
18 2832
18 2917
18 2918
18 2948
18 3001
18 3032
18 3080
18 3176
18 3189
18 3236
18 3285
18 3356
18 3380
18 3414
18 3450
18 3471
18 3642
18 3656
18 3667
18 3697
18 3845
18 3852
18 3913
19 62
19 141
19 161
19 213
19 224
19 236
19 291
19 355
19 367
19 416
19 421
19 504
19 548
19 555
19 565
19 577
19 578
19 582
19 583
19 595
19 599
19 600
19 615
19 627
19 632
19 635
19 640
19 643
19 650
19 658
19 659
19 661
19 662
19 670
19 675
19 681
19 747
19 774
19 780
19 820
19 1035
19 1091
19 1223
19 1241
19 1412
19 1440
19 1747
19 1771
19 1781
19 1805
19 2085
19 2288
19 2313
19 2531
19 2581
19 2635
19 2686
19 2715
19 2737
19 2739
19 2772
19 2775
19 2829
19 2865
19 2967
19 3010
19 3062
19 3124
19 3215
19 3273
19 3306
19 3341
19 3438
19 3491
19 3497
19 3618
19 3707
20 352
20 494
20 536
20 557
20 688
20 696
20 829
20 847
20 926
20 962
20 977
20 1095
20 1139
20 1294
20 1296
20 1363
20 1484
20 1526
20 1618
20 1629
20 1671
20 1785
20 1815
20 1906
20 2096
20 2566
20 2687
20 2711
20 2718
20 2768
20 2830
20 2843
20 2844
20 2846
20 2984
20 3007
20 3013
20 3041
20 3187
20 3196
20 3199
20 3209
20 3255
20 3259
20 3264
20 3286
20 3294
20 3319
20 3331
20 3337
20 3365
20 3369
20 3394
20 3440
20 3527
20 3670
21 0
21 9
21 13
21 21
21 25
21 26
21 40
21 56
21 67
21 98
21 104
21 109
21 113
21 118
21 119
21 122
21 128
21 142
21 169
21 170
21 172
21 186
21 188
21 199
21 200
21 203
21 211
21 223
21 239
21 252
21 261
21 265
21 271
21 272
21 277
21 280
21 285
21 297
21 304
21 313
21 315
21 322
21 323
21 325
21 332
21 342
21 389
21 397
21 415
21 445
21 495
21 601
21 686
21 694
21 695
21 697
21 705
21 713
21 719
21 724
21 726
21 731
21 745
21 752
21 760
21 766
21 773
21 781
21 784
21 800
21 805
21 810
21 815
21 823
21 824
21 827
21 828
21 830
21 834
21 842
21 853
21 924
21 944
21 949
21 972
21 976
21 1010
21 1011
21 1037
21 1041
21 1063
21 1069
21 1072
21 1106
21 1109
21 1121
21 1131
21 1167
21 1188
21 1189
21 1225
21 1226
21 1236
21 1246
21 1247
21 1259
21 1260
21 1275
21 1299
21 1304
21 1306
21 1310
21 1311
21 1348
21 1355
21 1400
21 1415
21 1425
21 1428
21 1439
21 1464
21 1469
21 1482
21 1496
21 1500
21 1504
21 1507
21 1529
21 1541
21 1553
21 1624
21 1625
21 1626
21 1633
21 1634
21 1660
21 1681
21 1686
21 1709
21 1725
21 1727
21 1738
21 1770
21 1773
21 1801
21 1876
21 1904
21 1911
21 2662
21 2675
21 2713
21 2724
21 2728
21 2730
21 2758
21 2783
21 2845
21 2871
21 2892
21 2921
21 2932
21 2955
21 2981
21 2996
21 3002
21 3016
21 3018
21 3019
21 3039
21 3072
21 3077
21 3086
21 3087
21 3097
21 3100
21 3107
21 3136
21 3148
21 3162
21 3168
21 3177
21 3191
21 3203
21 3207
21 3214
21 3219
21 3233
21 3253
21 3256
21 3263
21 3295
21 3313
21 3327
21 3346
21 3366
21 3379
21 3385
21 3390
21 3395
21 3412
21 3415
21 3480
21 3540
21 3609
21 3693
21 3750
21 3886
22 422
22 463
22 570
22 913
22 933
22 968
22 994
22 1025
22 1051
22 1052
22 1070
22 1085
22 1159
22 1170
22 1183
22 1217
22 1258
22 1286
22 1314
22 1338
22 1343
22 1357
22 1366
22 1408
22 1436
22 1444
22 1472
22 1489
22 1503
22 1525
22 1536
22 1545
22 1569
22 1630
22 1679
22 1694
22 1699
22 1703
22 1704
22 1807
22 1818
22 1850
22 1885
22 1897
22 1900
22 1928
22 2141
22 2208
22 2310
22 2496
22 2733
22 2751
22 2761
22 2840
22 2881
22 2891
22 2958
22 3034
22 3118
22 3170
22 3193
22 3225
22 3237
22 3260
22 3262
22 3303
22 3377
22 3437
22 3448
22 3449
22 3456
22 3475
22 3488
22 3495
22 3501
22 3514
22 3518
22 3525
22 3528
22 3542
22 3545
22 3557
22 3576
22 3577
22 3578
22 3586
22 3596
22 3604
22 3605
22 3611
22 3625
22 3633
22 3635
22 3640
22 3651
22 3672
22 3674
22 3677
22 3684
22 3687
22 3692
22 3702
22 3721
22 3730
22 3731
22 3734
22 3737
22 3756
22 3790
22 3797
22 3800
22 3804
22 3824
22 3828
22 3830
22 3838
22 3841
22 3842
22 3851
22 3858
22 3860
22 3873
22 3877
22 3884
22 3902
22 3926
22 3930
22 3938
22 3943
22 3948
22 3962
22 3966
22 3968
22 3971
23 901
23 903
23 915
23 922
23 938
23 958
23 963
23 992
23 1097
23 1118
23 1137
23 1196
23 1216
23 1232
23 1319
23 1333
23 1371
23 1378
23 1452
23 1468
23 1493
23 1533
23 1548
23 1549
23 1568
23 1601
23 1648
23 1695
23 1702
23 1733
23 1769
23 1787
23 1798
23 1836
23 1837
23 1870
23 1880
23 1895
23 1909
23 1944
23 2029
23 2044
23 2050
23 2145
23 2209
23 2272
23 2295
23 2296
23 2318
23 2322
23 2355
23 2362
23 2366
23 2383
23 2389
23 2406
23 2416
23 2425
23 2427
23 2480
23 2525
23 2557
23 2612
23 2637
23 2665
23 2684
23 2701
23 2745
23 2797
23 2854
23 2914
23 3005
23 3011
23 3046
23 3160
23 3163
23 3234
24 451
24 452
24 473
24 560
24 645
24 1142
24 1473
24 1556
24 2242
24 2610
24 2673
24 2785
24 2787
24 3212
25 596
25 948
25 1012
25 1592
25 1763
25 1764
25 1778
25 2031
25 2065
25 2211
25 2350
25 2432
25 2731
25 2987
26 368
26 398
26 409
26 420
26 434
26 479
26 488
26 511
26 512
26 930
26 936
26 971
26 1001
26 1080
26 1113
26 1114
26 1122
26 1155
26 1179
26 1210
26 1237
26 1300
26 1313
26 1318
26 1320
26 1332
26 1349
26 1358
26 1374
26 1427
26 1429
26 1446
26 1487
26 1512
26 1514
26 1543
26 1565
26 1574
26 1606
26 1616
26 1645
26 1649
26 1673
26 1677
26 1692
26 1740
26 1744
26 1766
26 1767
26 1790
26 1794
26 1844
26 1878
26 1881
26 1882
26 2435
26 2530
26 2705
26 3023
27 394
27 471
27 641
27 1039
27 1164
27 1327
27 1381
27 1458
27 1519
27 1821
27 1875
27 2067
27 2234
27 2303
27 2393
27 2529
27 2672
27 2708
27 2823
27 2908
27 3079
27 3123
27 3213
27 3243
27 3287
27 3400
27 3403
28 487
28 604
28 614
28 683
28 919
28 969
28 1044
28 1081
28 1116
28 1406
28 2379
28 2544
28 2571
28 2976
28 3036
28 3111
28 3137
28 3298
28 3422
29 360
29 388
29 482
29 496
29 651
29 669
29 1405
29 1451
29 1923
29 2155
29 2163
29 2476
29 2950
29 2951
29 3027
29 3114
29 3166
29 3258
29 3272
29 3274
29 3296
29 3302
29 3304
30 387
30 392
30 404
30 408
30 419
30 430
30 432
30 439
30 444
30 493
30 523
30 537
30 545
30 556
30 563
30 1215
30 1265
30 1350
30 1635
30 1706
30 1728
30 1774
30 1846
30 1907
30 1942
30 2025
30 2626
30 2780
30 2907
30 3089
30 3135
30 3188
31 348
31 353
31 363
31 366
31 370
31 373
31 374
31 376
31 378
31 391
31 395
31 400
31 402
31 412
31 414
31 417
31 423
31 428
31 431
31 436
31 438
31 456
31 460
31 461
31 465
31 475
31 484
31 492
31 497
31 500
31 503
31 506
31 507
31 513
31 514
31 515
31 517
31 520
31 524
31 525
31 527
31 538
31 542
31 544
31 553
31 559
31 561
31 566
31 567
31 580
31 591
31 606
31 637
31 1369
31 1435
31 1863
31 1884
31 1958
31 2000
31 2021
31 2092
31 2337
31 2346
31 2494
31 2613
31 2977
31 3129
31 3299
31 3342
31 3353
32 898
32 989
32 1316
32 1968
32 1976
32 1999
32 2147
32 2226
32 2297
32 2639
32 2658
32 2850
32 2875
32 3140
32 3228
32 3261
33 1015
33 1438
33 1508
33 1578
33 1638
33 1851
33 1914
33 1919
33 1921
33 1927
33 1931
33 1935
33 1951
33 1957
33 1964
33 1972
33 1973
33 1980
33 1991
33 1995
33 1998
33 2001
33 2004
33 2006
33 2009
33 2011
33 2018
33 2022
33 2024
33 2027
33 2061
33 2097
33 2116
33 2157
33 2159
33 2171
33 2192
33 2202
33 2225
33 2284
33 2345
33 2364
33 2365
33 2367
33 2378
33 2447
33 2459
33 2502
33 2519
33 2538
33 2583
33 2585
33 2620
33 2627
33 2633
33 2636
33 2640
33 2645
33 2647
33 2648
33 2657
33 2659
33 2660
33 2712
33 2720
33 2806
33 2887
33 2894
33 2904
33 2953
33 3017
33 3052
33 3154
33 3224
33 3288
33 3345
33 3360
33 3386
33 3411
34 1245
34 1278
34 1550
34 1848
34 1987
34 2221
34 2274
34 2449
34 3025
34 3204
34 3250
34 3257
34 3301
34 3321
34 3406
35 483
35 917
35 941
35 942
35 954
35 984
35 988
35 1014
35 1018
35 1020
35 1032
35 1066
35 1099
35 1102
35 1108
35 1115
35 1166
35 1190
35 1229
35 1261
35 1273
35 1281
35 1282
35 1303
35 1309
35 1324
35 1373
35 1382
35 1392
35 1396
35 1407
35 1454
35 1495
35 1502
35 1515
35 1582
35 1595
35 1661
35 1682
35 1720
35 1729
35 1732
35 1742
35 1751
35 1783
35 1786
35 1812
35 1820
35 1824
35 1828
35 1871
35 1893
35 1894
35 1903
35 2387
35 2716
35 2748
35 2753
35 2781
35 2796
35 2901
35 2924
35 2936
35 2937
35 2989
35 3038
35 3060
35 3076
35 3106
35 3145
35 3172
35 3179
35 3182
35 3198
35 3240
35 3316
35 3332
35 3350
35 3355
35 3378
35 3396
36 1221
36 1315
36 1517
36 1873
36 2057
36 2222
36 2415
36 2756
36 2874
36 2946
36 3051
36 3113
36 3115
36 3185
36 3238
36 3320
36 3335
36 3399
37 896
37 902
37 957
37 975
37 981
37 1009
37 1019
37 1021
37 1036
37 1060
37 1067
37 1082
37 1100
37 1104
37 1120
37 1129
37 1148
37 1158
37 1192
37 1204
37 1227
37 1231
37 1235
37 1257
37 1277
37 1279
37 1284
37 1292
37 1298
37 1322
37 1345
37 1347
37 1379
37 1404
37 1413
37 1423
37 1426
37 1432
37 1448
37 1459
37 1462
37 1475
37 1479
37 1573
37 1576
37 1583
37 1587
37 1591
37 1596
37 1611
37 1628
37 1636
37 1647
37 1655
37 1680
37 1691
37 1715
37 1716
37 1841
37 1857
37 1859
37 1862
37 1872
37 1899
37 2110
37 2661
37 2674
37 2681
37 2719
37 2729
37 2742
37 2743
37 2765
37 2770
37 2778
37 2793
37 2828
37 2833
37 2835
37 2849
37 2853
37 2863
37 2869
37 2939
37 2970
37 2973
37 2991
37 2992
37 3014
37 3021
37 3035
37 3049
37 3070
37 3082
37 3101
37 3102
37 3116
37 3120
37 3132
37 3146
37 3150
37 3152
37 3158
37 3169
37 3201
37 3206
37 3239
37 3247
37 3252
37 3265
37 3267
37 3277
37 3280
37 3291
37 3297
37 3330
37 3344
37 3347
37 3351
37 3381
37 3391
37 3397
37 3416
37 3419
37 3434
37 3435
38 1532
38 1843
38 2473
38 2576
38 2683
38 2738
38 2741
38 2763
38 2773
38 2810
38 2873
38 2896
38 2929
38 2931
38 2945
38 2988
38 2993
38 2994
38 3029
38 3073
38 3084
38 3085
38 3117
38 3119
38 3184
38 3220
38 3293
38 3364
38 3384
38 3433
39 526
39 2706
39 2862
39 3004
39 3104
39 3362
40 1398
40 1460
40 1485
40 1524
40 2325
40 2680
40 2749
41 959
41 1513
41 1572
41 2003
41 2075
41 2390
41 2479
41 2652
41 2974
42 1365
42 2239
42 2518
43 1068
43 1195
43 1437
43 1684
43 1832
43 2664
43 2666
43 2669
43 2676
43 2679
43 2689
43 2694
43 2698
43 2717
43 2750
43 2754
43 2755
43 2757
43 2777
43 2782
43 2786
43 2800
43 2815
43 2827
43 2839
43 2864
43 2866
43 2867
43 2872
43 2877
43 2880
43 2890
43 2897
43 2905
43 2906
43 2909
43 2910
43 2911
43 2912
43 2913
43 2915
43 2916
43 2919
43 2920
43 2925
43 2927
43 2928
43 2940
43 2943
43 2944
43 2956
43 2960
43 2966
43 2969
43 2985
43 2986
43 3000
43 3022
43 3026
43 3033
43 3040
43 3047
43 3054
43 3056
43 3064
43 3065
43 3078
43 3090
43 3096
43 3098
43 3108
43 3142
43 3149
43 3174
43 3195
43 3226
43 3232
43 3284
43 3324
43 3339
43 3348
43 3363
43 3387
43 3417
43 3426
44 1092
44 1180
44 1393
44 1540
45 1389
45 1981
45 2259
46 1054
46 1734
46 1970
46 2232
46 2235
46 2243
46 2280
46 2438
46 2603
47 1293
47 2330
48 1722
48 2137
48 2258
48 2311
48 2385
48 2396
49 1285
49 1723
49 1754
49 2101
49 2215
49 2501
49 2609
50 897
50 995
50 1074
50 1110
50 1112
50 1219
50 1523
50 1724
50 2285
50 2304
50 2547
51 2062
51 2198
51 2293
51 2417
52 932
52 1571
53 1542
53 2161
54 983
54 1029
54 1056
54 1123
54 1201
54 1336
54 1528
54 1535
54 1765
54 1772
54 1782
55 982
55 1040
55 1047
55 1457
55 1470
55 1811
55 1939
56 1130
56 1135
56 1182
57 1644
57 2465
58 927
58 1340
58 1639
58 1877
58 2391
58 2434
59 1075
59 1614
59 1994
59 2264
59 2472
60 1280
60 2536
61 906
61 1028
61 1049
61 1209
61 1312
61 1375
61 1538
61 1590
61 1688
61 1891
61 2132
61 2399
61 2537
62 1026
62 1207
62 2394
62 2445
63 1287
63 1290
63 1323
63 1351
63 1359
63 1796
63 2267
63 2368
64 1160
64 1272
64 1402
64 1480
64 1609
64 1653
64 1916
65 967
65 1334
65 1388
65 1659
65 1737
65 1753
65 1819
65 1845
65 1954
65 2315
65 2594
66 999
66 1003
66 1048
66 1242
66 1344
66 1449
66 1539
66 1580
66 1632
66 1637
66 1652
66 1861
66 2002
66 2128
66 2287
66 2377
66 2589
66 2653
67 136
67 997
67 1024
67 1173
67 1205
67 1305
67 1409
67 1483
67 1605
67 1620
67 1685
67 1795
67 2144
68 1380
68 1864
68 1898
68 2058
68 2254
68 2458
68 2608
69 953
69 960
69 1083
69 1156
69 1198
69 1214
69 1271
69 1288
69 1570
69 1741
70 107
70 916
70 921
70 925
70 934
70 946
70 947
70 952
70 966
70 978
70 980
70 993
70 1004
70 1006
70 1017
70 1059
70 1076
70 1078
70 1079
70 1086
70 1101
70 1107
70 1117
70 1124
70 1125
70 1126
70 1128
70 1132
70 1146
70 1149
70 1153
70 1163
70 1172
70 1175
70 1181
70 1184
70 1185
70 1191
70 1199
70 1211
70 1222
70 1230
70 1238
70 1243
70 1250
70 1255
70 1256
70 1267
70 1269
70 1289
70 1291
70 1302
70 1329
70 1330
70 1331
70 1335
70 1339
70 1341
70 1352
70 1361
70 1367
70 1370
70 1376
70 1377
70 1390
70 1391
70 1399
70 1416
70 1420
70 1431
70 1447
70 1456
70 1465
70 1467
70 1471
70 1488
70 1491
70 1509
70 1516
70 1520
70 1522
70 1530
70 1547
70 1551
70 1554
70 1557
70 1559
70 1563
70 1577
70 1584
70 1589
70 1597
70 1598
70 1600
70 1603
70 1604
70 1608
70 1610
70 1612
70 1613
70 1617
70 1619
70 1621
70 1622
70 1623
70 1643
70 1662
70 1663
70 1665
70 1668
70 1669
70 1675
70 1683
70 1689
70 1707
70 1712
70 1714
70 1717
70 1718
70 1721
70 1730
70 1735
70 1736
70 1746
70 1750
70 1752
70 1757
70 1761
70 1768
70 1789
70 1791
70 1793
70 1799
70 1800
70 1804
70 1809
70 1810
70 1813
70 1816
70 1823
70 1826
70 1827
70 1833
70 1835
70 1839
70 1842
70 1849
70 1867
70 1868
70 1879
70 1886
70 1888
70 1902
70 1920
70 1926
70 1932
70 1940
70 1945
70 1947
70 1948
70 1955
70 1959
70 2007
70 2010
70 2026
70 2028
70 2032
70 2038
70 2039
70 2042
70 2047
70 2052
70 2053
70 2054
70 2068
70 2071
70 2072
70 2081
70 2087
70 2102
70 2111
70 2117
70 2125
70 2127
70 2133
70 2134
70 2135
70 2138
70 2143
70 2148
70 2149
70 2151
70 2153
70 2169
70 2174
70 2176
70 2180
70 2183
70 2187
70 2189
70 2191
70 2194
70 2196
70 2199
70 2203
70 2223
70 2224
70 2241
70 2246
70 2247
70 2250
70 2268
70 2273
70 2279
70 2282
70 2283
70 2289
70 2292
70 2294
70 2302
70 2319
70 2327
70 2328
70 2332
70 2333
70 2336
70 2338
70 2343
70 2344
70 2351
70 2372
70 2384
70 2398
70 2419
70 2420
70 2429
70 2436
70 2451
70 2461
70 2463
70 2471
70 2475
70 2478
70 2491
70 2498
70 2508
70 2509
70 2510
70 2511
70 2512
70 2516
70 2533
70 2555
70 2567
70 2582
70 2588
70 2592
70 2597
70 2598
70 2616
70 2617
70 2629
70 2642
70 2643
70 2649
72 2055
73 2136
75 2606
82 2499
83 1989
83 2353
85 1963
87 2407
88 2164
88 2392
88 2462
91 2179
91 2554
92 2210
93 2056
93 2591
95 2060
96 2300
97 2574
98 2213
102 1941
102 2489
102 2532
102 2563
105 2552
106 2098
106 2631
107 2306
108 2477
109 2506
109 2579
111 1925
111 2046
111 2084
111 2418
112 1953
112 2165
112 2329
113 2484
113 2556
114 2077
114 2237
114 2261
114 2334
114 2575
114 2623
114 2646
115 1912
115 1917
115 1918
115 1929
115 1938
115 1943
115 1946
115 1962
115 1966
115 1971
115 1979
115 1983
115 1984
115 1985
115 1986
115 1993
115 1997
115 2005
115 2020
115 2030
115 2033
115 2037
115 2040
115 2043
115 2045
115 2059
115 2063
115 2064
115 2069
115 2073
115 2074
115 2078
115 2083
115 2086
115 2088
115 2090
115 2093
115 2095
115 2103
115 2104
115 2108
115 2109
115 2112
115 2115
115 2118
115 2121
115 2122
115 2123
115 2124
115 2131
115 2139
115 2140
115 2142
115 2150
115 2154
115 2172
115 2184
115 2188
115 2190
115 2200
115 2201
115 2206
115 2212
115 2216
115 2218
115 2220
115 2229
115 2233
115 2240
115 2244
115 2253
115 2257
115 2266
115 2271
115 2275
115 2276
115 2278
115 2290
115 2299
115 2307
115 2308
115 2309
115 2323
115 2324
115 2326
115 2331
115 2339
115 2340
115 2347
115 2348
115 2352
115 2354
115 2356
115 2359
115 2363
115 2369
115 2370
115 2374
115 2376
115 2381
115 2386
115 2395
115 2404
115 2408
115 2409
115 2410
115 2414
115 2423
115 2428
115 2430
115 2433
115 2446
115 2460
115 2464
115 2467
115 2468
115 2469
115 2482
115 2485
115 2492
115 2495
115 2500
115 2504
115 2507
115 2520
115 2521
115 2526
115 2539
115 2542
115 2543
115 2546
115 2549
115 2550
115 2551
115 2553
115 2559
115 2560
115 2561
115 2564
115 2573
115 2578
115 2586
115 2590
115 2593
115 2600
115 2601
115 2602
115 2604
115 2607
115 2611
115 2615
115 2619
115 2624
115 2625
115 2630
115 2638
115 2654
115 2655
Starting clique.
	Node 1912
	Node 1917
	Node 1918
	Node 1929
	Node 1938
	Node 1943
	Node 1946
	Node 1962
	Node 1979
	Node 1983
	Node 1984
	Node 1985
	Node 1993
	Node 2020
	Node 2030
	Node 2059
	Node 2064
	Node 2073
	Node 2078
	Node 2088
	Node 2090
	Node 2093
	Node 2104
	Node 2118
	Node 2121
	Node 2123
	Node 2142
	Node 2184
	Node 2188
	Node 2201
	Node 2206
	Node 2218
	Node 2220
	Node 2240
	Node 2266
	Node 2271
	Node 2275
	Node 2290
	Node 2308
	Node 2309
	Node 2326
	Node 2331
	Node 2339
	Node 2340
	Node 2352
	Node 2356
	Node 2381
	Node 2409
	Node 2410
	Node 2464
	Node 2482
	Node 2507
	Node 2520
	Node 2549
	Node 2564
	Node 2578
	Node 2586
	Node 2590
	Node 2602
	Node 2604
	Node 2624
Starting clique.
	Node 1966
	Node 1971
	Node 1997
	Node 2005
	Node 2037
	Node 2045
	Node 2074
	Node 2095
	Node 2112
	Node 2131
	Node 2139
	Node 2190
	Node 2233
	Node 2244
	Node 2323
	Node 2324
	Node 2347
	Node 2354
	Node 2428
	Node 2560
	Node 2601
	Node 2625
Starting clique.
	Node 1986
	Node 2033
	Node 2043
	Node 2069
	Node 2103
	Node 2109
	Node 2140
	Node 2229
	Node 2276
	Node 2369
	Node 2374
	Node 2395
	Node 2404
	Node 2526
	Node 2593
	Node 2611
	Node 2638
	Node 2655
Starting clique.
	Node 2040
	Node 2108
	Node 2124
	Node 2150
	Node 2172
	Node 2212
	Node 2299
	Node 2370
	Node 2559
	Node 2600
	Node 2607
	Node 2615
Starting clique.
	Node 2063
	Node 2086
	Node 2154
	Node 2200
	Node 2216
	Node 2359
	Node 2363
	Node 2414
	Node 2467
	Node 2492
Starting clique.
	Node 2083
	Node 2115
	Node 2122
	Node 2257
	Node 2278
	Node 2307
	Node 2500
	Node 2542
	Node 2553
Starting clique.
	Node 2253
	Node 2348
	Node 2386
	Node 2430
	Node 2543
	Node 2561
	Node 2630
Starting clique.
	Node 2376
	Node 2408
	Node 2423
	Node 2446
	Node 2504
	Node 2550
	Node 2619
Starting clique.
	Node 2433
	Node 2468
	Node 2551
Starting clique.
	Node 2460
	Node 2485
	Node 2495
	Node 2654
Starting clique.
	Node 2469
Starting clique.
	Node 2521
Starting clique.
	Node 2539
	Node 2546
Starting clique.
	Node 2573
Starting clique.
	Node 686
	Node 694
	Node 695
	Node 697
	Node 713
	Node 719
	Node 724
	Node 726
	Node 745
	Node 760
	Node 781
	Node 805
	Node 824
	Node 830
	Node 834
Starting clique.
	Node 705
	Node 731
	Node 752
	Node 773
	Node 784
	Node 810
	Node 827
	Node 828
	Node 853
Starting clique.
	Node 766
	Node 800
	Node 823
Starting clique.
	Node 815
Starting clique.
	Node 842
Starting clique.
	Node 3980
	Node 3981
	Node 3994
	Node 3997
	Node 3998
	Node 4009
	Node 4019
Starting clique.
	Node 3982
	Node 4030
	Node 4023
Starting clique.
	Node 4018
