892 1555 593
891 1555 593
4022 1559 557
4010 1559 557
3935 1559 536
3856 1559 536
3853 1559 536
3820 1559 536
3798 1559 536
3748 1559 536
3650 1559 536
3570 1559 536
2596 740 121
2457 740 121
2269 740 121
2079 740 121
3031 1545 440
674 1548 452
624 1548 452
602 1548 452
550 1559 543
447 1559 543
358 1559 543
1834 1542 432
1560 1542 432
1466 1542 432
1386 1542 432
1145 1542 432
292 1255 931
215 1255 931
209 1255 931
74 1255 931
43 1255 931
12 1255 931
11 1255 931
15 1255 931
18 1255 931
37 1255 931
114 1255 931
210 1255 931
287 1255 931
335 1255 931
911 1542 432
918 1542 432
1096 1542 432
1119 1542 432
1206 1542 432
1581 1542 432
585 1548 452
607 1548 452
608 1548 452
613 1548 452
638 1548 452
668 1548 452
2842 1545 440
3071 1545 440
3183 1545 440
3230 1545 440
2195 740 121
2470 740 121
2569 740 121
3451 1559 536
3453 1559 536
3709 1559 536
3729 1559 536
3974 1559 536
3984 1559 557
4008 1559 557
4015 1559 557
4024 1559 557
4035 1559 557
875 1555 593
883 1555 593
692 1555 597
801 1555 597
750 1550 597
749 1550 597
757 1550 597
775 1550 597
744 1550 597
699 1550 597
4036 1554 557
4034 1554 558
3959 1552 500
3942 1525 401
3879 1546 465
3854 1546 465
3807 1554 525
3746 1555 536
3846 1555 536
3704 1538 436
3688 1527 674
2541 736 126
2382 736 126
1967 869 98
3282 1540 441
2857 1540 441
2788 1540 440
860 1550 482
581 1543 453
642 1543 453
468 1555 543
386 1554 549
401 1555 543
379 1554 549
377 1555 543
383 1554 550
2740 1540 443
2704 1540 443
1755 1538 436
1558 1541 443
1394 1537 433
1270 1543 450
1262 1450 287
904 1538 434
1224 1537 432
316 1095 974
233 1253 928
256 1253 928
183 797 969
160 1203 947
138 1253 928
90 1253 928
179 1253 928
145 1253 928
70 1253 928
35 1253 928
33 1253 928
42 1253 928
47 1253 928
301 791 968
49 1253 928
192 1253 928
52 1253 928
205 1253 928
241 1253 928
255 1253 928
81 1060 979
286 1253 928
153 510 832
154 1253 928
216 1253 928
234 471 794
244 1253 928
282 1253 928
267 1253 928
279 1253 928
305 1253 928
2814 1528 407
1065 1539 437
1176 1538 436
1233 1545 459
1276 1122 969
1326 1539 439
1395 1552 498
1430 1541 446
1690 1542 448
1854 1541 445
443 1555 543
648 1546 464
3006 1466 305
3125 1539 439
3134 1533 421
3268 1540 440
3407 1540 440
3408 1532 418
3589 1548 474
3732 1554 531
3801 1555 536
3885 1555 536
3808 1554 531
3875 1555 534
3922 1555 536
3983 1554 558
3987 1554 557
4012 1554 557
4001 1554 557
4029 1554 557
4006 1554 557
4028 1554 556
4032 1554 557
859 1550 592
841 1550 597
854 1544 598
785 1545 596
3999 1549 557
4005 1549 557
3996 1549 556
3955 1543 475
3733 1548 503
3954 1548 503
3699 1549 526
3689 1548 510
3597 1362 863
3582 1550 535
3560 1518 397
3691 1518 397
2483 744 128
2527 704 141
2595 744 128
2442 688 147
2106 744 128
2168 744 128
3413 1502 365
2691 1535 441
2792 1535 441
3037 1535 441
454 1550 544
356 1550 543
411 1550 543
1546 1533 434
1252 1534 437
1034 1537 631
1002 1532 433
1105 1532 433
1208 1532 433
1890 1522 406
1027 1532 433
1627 1532 433
899 1528 422
294 1401 833
240 1496 724
207 728 947
164 852 975
120 848 974
247 1496 724
97 1250 925
182 1250 925
253 1250 925
76 1193 946
270 1521 676
61 1250 925
71 1250 925
307 829 971
112 1250 925
174 1250 925
293 1250 925
124 1460 774
157 1250 925
155 1250 925
191 898 980
228 720 944
321 1291 905
336 1114 967
1046 1532 433
1194 1527 419
1586 1532 433
1071 1534 438
1253 1534 438
1353 1545 487
1362 1535 441
1693 1532 434
1760 1538 452
448 1548 570
453 1550 545
499 1549 549
571 1546 590
656 1545 483
660 1542 470
667 1275 165
2714 1536 444
2722 1491 348
2798 1273 165
2808 1535 442
3121 1533 436
2860 1534 439
2922 1533 435
2952 1524 410
2975 1526 414
2998 1535 442
3375 1539 454
2178 720 135
2380 602 187
2481 740 129
3467 1545 485
3575 1485 741
3717 1518 397
3744 1518 397
3811 1550 536
3816 1550 534
3928 1377 852
3991 1550 540
3992 1549 558
4033 1549 558
743 1545 597
790 1540 594
832 1540 596
788 1540 596
866 1541 591
879 1541 592
894 1541 591
825 1540 595
864 1540 594
884 1541 591
893 1540 594
4037 1544 558
3953 1542 497
3910 1545 536
3765 1529 641
3686 1172 948
3544 1542 499
3537 1545 533
3887 1544 521
3494 1543 510
3444 1543 507
3742 1543 506
3849 1543 507
3989 1538 473
4011 1533 452
2422 626 179
2441 627 178
1996 670 158
2017 650 167
2421 745 131
2204 745 131
2437 745 131
2634 696 148
2565 670 158
1937 725 137
2015 717 140
2963 823 113
2855 1531 445
673 1544 520
472 1545 540
406 1545 550
437 1542 578
467 1545 543
532 1536 614
498 1545 539
572 1545 543
464 1545 537
384 1544 565
552 1544 565
1713 1533 450
1651 1458 770
1200 1536 463
1157 1523 421
1383 1501 372
996 1537 470
945 1533 451
2838 1524 424
3003 1524 424
289 1248 921
288 595 883
283 541 846
220 1248 921
262 1248 921
193 1248 921
190 1039 974
166 1336 876
202 813 964
125 456 763
201 1248 921
206 905 976
230 1248 921
327 1248 921
2885 1524 424
3290 1541 490
1022 1545 537
1031 1543 504
1133 1470 324
1442 1313 190
1240 1530 442
1474 1527 432
1510 1541 490
1711 1387 839
1762 1505 381
1797 1479 742
1856 1350 866
351 1544 560
530 1545 541
652 1544 520
2971 1522 419
3143 1117 117
3271 1530 442
1969 508 260
865 1543 510
868 1543 510
3477 1046 105
3565 1246 157
3637 1300 182
3588 1537 471
3619 1538 606
3653 1538 471
3673 1544 514
3694 1545 532
3781 1541 493
3946 1541 493
3865 1527 645
3882 1542 495
3897 1544 516
3939 1545 536
3952 1543 568
3965 1545 536
3978 1545 538
3990 1544 556
4007 1544 556
4016 1544 556
4025 1544 556
798 1540 595
717 1540 596
852 1540 596
855 1540 596
877 1541 592
851 1540 597
846 1535 596
735 1535 595
721 1535 596
4003 1539 557
3970 1449 306
3890 1539 515
3844 1539 554
3848 1538 502
3805 1193 938
3795 1389 832
3678 1539 525
3606 1540 536
3727 1540 536
3745 1540 535
2505 572 216
2431 635 179
2230 401 421
2358 403 416
2167 745 135
3429 1476 342
2980 1495 373
3270 1499 379
2884 1537 498
3044 803 958
3227 1323 878
2736 1525 443
610 1539 520
594 1310 193
4031 1539 558
4002 1539 557
4020 1539 558
4027 1539 556
4038 1539 558
4013 1539 558
593 1508 682
562 1539 560
533 1523 644
371 1533 603
349 1536 491
1777 1431 286
1579 1536 493
1417 1225 153
1354 1527 449
1346 1344 865
1057 1530 460
1607 1524 439
1664 1529 457
1038 1516 663
987 1491 365
929 1536 491
1701 1535 593
1838 1532 469
1087 1539 562
910 1521 431
1657 1521 431
1776 1521 431
649 1531 463
269 379 544
229 403 663
77 461 763
117 482 787
27 967 104
8 1245 918
91 1245 918
110 1245 918
259 1245 918
245 1245 918
264 1245 918
6 1245 918
89 1245 918
95 1245 918
147 1245 918
219 1245 918
319 1245 918
34 1503 388
46 1270 907
152 1048 970
235 698 928
250 967 975
1147 1454 312
1202 1540 549
1254 1535 484
1264 1524 440
1295 1527 448
1297 1532 470
1486 1534 479
1455 1516 416
1654 1520 427
1476 1533 474
485 1514 412
671 1537 500
2692 1530 459
2774 1525 443
2817 1525 443
3055 1525 443
3074 1525 443
3127 1525 443
3147 1525 443
2776 1519 425
3059 1380 240
3305 1518 422
3310 1525 443
2034 728 141
2041 610 192
2321 672 161
2456 595 201
2219 450 331
3489 1539 514
3652 1539 512
3665 1538 506
3676 1539 514
3513 1539 558
3548 1530 617
3661 1392 829
3908 1011 106
3632 1539 512
3720 1537 497
3749 1533 472
3751 1540 536
3787 1540 536
3923 1533 472
3789 1533 472
3806 1540 536
3963 1540 536
3839 1507 396
3904 1539 521
3925 1537 585
858 1536 591
870 1536 591
871 1535 594
881 1536 591
895 1536 591
704 1535 596
802 1535 595
691 1528 595
776 1528 593
867 1529 591
872 1529 591
873 1529 591
874 1529 591
885 1529 591
887 1529 591
3977 1533 545
3660 1513 651
3775 1528 595
3457 1167 938
3441 1533 536
3536 1533 536
3682 1533 536
3447 1533 536
3894 1533 536
3812 1533 525
3814 1533 536
3949 1533 536
3771 1533 536
3487 1532 558
3504 1174 138
3530 1533 536
3551 1050 962
3723 1533 536
3566 1505 670
3961 1533 536
3626 1530 493
3916 1528 481
365 1532 563
2580 459 327
2388 611 195
2227 574 219
2263 625 187
2528 625 187
2621 625 187
2100 624 188
1956 720 146
2245 725 144
2094 725 144
2281 725 144
1961 479 302
2301 673 164
2487 725 144
2535 673 164
1924 473 309
3432 1512 421
3217 1516 432
3216 1520 446
3161 1521 451
2671 1523 455
2721 1523 455
2824 1523 455
3091 1523 455
476 1533 553
1792 1530 495
1759 1516 433
1168 1521 449
1151 1528 591
340 656 902
163 425 692
173 1487 706
427 1452 316
549 1469 340
126 710 924
260 989 966
102 1262 902
263 1260 903
296 1260 903
58 1291 186
44 1240 912
32 1240 912
93 1240 912
167 1240 912
243 1240 912
337 1240 912
63 1153 942
86 1258 904
912 1533 533
937 1521 450
1263 1448 762
1301 1496 688
1498 1319 872
1521 1435 777
1855 1533 519
2767 1520 445
2805 1489 371
2899 1385 248
3045 1381 245
3175 1521 448
3370 1524 459
1974 475 307
2651 486 294
2375 625 188
2493 501 279
2517 407 420
390 1533 534
480 1508 411
655 1532 509
657 1531 499
3539 1531 499
3724 1511 419
3859 1533 529
3893 1532 514
3941 1532 510
3936 1443 768
811 1523 595
869 1523 594
890 1523 593
3914 1459 333
3899 1528 520
3772 917 962
3847 1382 251
3583 1508 423
3600 1440 765
3446 1528 536
3490 1528 536
3531 1528 536
3546 1528 536
3549 1528 536
3585 1528 536
3580 1528 536
3679 1528 536
3624 1528 536
3662 1528 536
3863 1528 536
3905 1528 536
3445 1527 511
3439 1528 536
3616 1523 479
3638 1523 479
3647 1523 479
3716 1528 536
3799 1413 794
3932 1528 536
2256 422 398
3333 1345 223
3317 1328 212
3269 1221 158
3197 1519 462
2886 1515 444
3083 1510 430
3126 1515 445
3128 1514 444
3322 1515 445
3336 1515 445
2811 1518 456
586 1364 237
478 1528 534
534 1496 396
935 1524 586
317 746 932
311 1070 955
300 989 963
208 438 707
151 1238 909
310 1238 909
64 1520 465
100 431 694
150 392 514
171 1519 462
189 1520 465
217 405 630
1193 1499 402
923 1514 633
1387 1526 502
54 391 552
19 1238 909
175 1434 772
23 1238 909
51 983 963
83 983 963
237 983 963
99 1238 909
68 1238 909
143 1238 909
131 1238 909
177 1238 909
225 1238 909
227 1238 909
278 1238 909
129 653 896
347 739 930
198 1482 706
364 1528 544
393 1528 544
399 1528 544
441 1528 544
501 1528 544
564 1528 544
338 1194 148
985 1512 437
1840 1507 421
1640 1505 417
1053 1526 504
1896 1520 464
1058 1468 728
1552 1528 535
1203 1523 481
1248 1525 493
1372 1524 485
540 1505 658
621 1522 476
679 1526 499
2752 1528 540
3165 1526 496
2732 1515 446
2902 1515 446
2930 1515 446
3131 1515 446
3180 1515 446
3181 1515 446
3251 1511 434
3372 1515 446
2893 1515 445
3159 1519 459
3389 1512 436
2898 1509 427
3424 1512 435
3094 1499 402
3323 1514 442
3436 653 178
2008 520 266
2051 582 218
2113 629 190
2217 586 215
2439 634 187
2450 608 202
2548 634 187
2558 584 217
2632 608 202
3502 1499 403
3669 1499 403
3700 1499 403
3813 1499 403
3864 1499 403
3911 1499 403
3552 1424 783
3827 1370 242
3834 1525 492
3880 1527 559
3901 1528 534
700 1523 595
740 1523 594
767 1523 595
796 1523 594
791 1523 594
812 1518 594
761 1518 595
689 1518 594
702 1518 594
714 1518 594
707 1518 594
712 1518 594
736 1518 594
742 1518 593
746 1518 595
782 1518 594
733 1518 593
768 1518 594
786 1518 593
813 1518 595
833 1518 595
789 1518 594
732 1518 594
725 1518 594
771 1518 593
806 1518 594
818 1518 594
822 1518 593
839 1518 594
850 1518 594
816 1518 595
880 1518 594
3871 1522 515
3843 1518 481
3607 1522 568
3507 1521 499
3754 1517 476
2066 396 540
2514 397 506
3235 1496 407
3066 1507 437
2926 1505 429
3338 1508 439
3376 1507 436
3401 1507 436
3425 1506 434
3427 1508 439
385 1502 423
1162 1269 890
1599 1349 842
1696 1338 850
1731 1224 910
1814 1193 922
1268 1520 492
1008 1522 566
1073 1491 677
1023 1512 621
1445 1495 669
96 499 781
60 442 704
38 552 829
106 611 869
162 1235 905
333 1235 905
221 907 958
344 473 751
998 1160 932
1093 1523 527
1103 1512 452
1154 1519 485
1220 1100 946
1414 1513 455
1461 1523 533
1477 1522 568
1506 1522 515
1697 1153 934
1775 1416 785
1865 1439 759
663 1522 507
672 1521 498
3592 1438 313
3522 1513 458
3950 980 959
3610 1523 518
3659 1519 483
3888 1359 239
3979 1522 512
2725 1514 460
2903 1511 449
2799 1510 447
2861 1510 447
3053 1510 447
3105 1358 237
3122 1510 447
3141 1510 447
3200 1510 447
3218 1510 447
3354 1510 447
2895 1511 448
3030 1523 520
3266 1512 454
3308 1512 454
3398 1510 447
3428 1300 200
1949 646 186
1977 487 307
2175 397 560
2182 432 388
3861 1494 402
3621 1381 256
857 1517 600
3461 1458 734
3572 1520 494
3664 1523 525
3671 1523 522
3958 1522 513
3712 1496 407
3755 1061 121
3973 1523 538
882 1518 593
886 1518 591
710 1518 595
821 1513 594
808 1513 594
759 1513 595
3934 1311 211
3767 1518 515
3666 1509 612
3614 1518 522
3492 1409 287
3454 1518 531
3547 1125 937
2316 462 347
2080 451 363
2013 501 298
3388 586 225
3153 1347 235
2933 1330 223
2935 1505 447
2949 1501 435
2983 1502 435
2997 1120 135
3012 1501 434
3028 1505 447
3063 1501 434
3155 1505 447
3368 1501 434
2804 1506 450
587 1457 345
449 1518 526
1708 1507 454
1670 1457 728
1908 1518 533
1239 1244 897
1140 1515 583
950 1514 487
928 1499 429
1061 1501 432
22 753 926
168 778 933
16 1359 244
29 1125 137
4 1233 902
78 1233 902
181 1233 902
195 1233 902
218 1233 902
273 1233 902
275 1233 902
306 1233 902
328 1233 902
2 1233 902
20 1233 902
111 1233 902
17 1233 902
137 1233 902
140 1233 902
214 1233 902
73 980 956
139 926 955
146 466 732
909 1514 487
955 1504 442
1030 1510 463
1043 1504 442
1045 1503 438
1111 1504 442
1197 1250 895
961 1485 679
1368 1504 442
1788 1504 442
1384 1517 513
1889 1506 448
956 1506 449
979 1504 442
1016 1504 442
1138 1507 454
1177 1518 535
1218 1502 438
1403 1504 442
1499 1504 442
1562 1518 543
974 1492 409
1000 1499 428
1134 1500 430
1443 1518 522
1490 1516 497
1631 1514 485
1808 1454 342
429 1517 567
466 1517 568
522 1517 564
529 1503 635
433 1515 489
574 1517 507
631 1517 503
2678 1512 473
2760 1510 464
2790 1506 448
3164 1515 492
3872 1464 357
2826 1517 507
2688 1504 444
2834 1506 449
3334 1510 466
3402 1502 437
3405 1508 458
2166 508 290
2251 617 206
2265 458 351
2452 485 316
2545 1509 461
3515 1518 524
3543 1504 630
3603 1064 948
3770 1472 370
3876 1513 592
729 1513 593
753 1513 594
769 1513 595
861 1513 592
804 1513 595
863 1513 592
876 1513 592
878 1513 592
888 1513 592
889 1513 592
690 1513 596
715 1508 593
3940 1195 913
3823 1493 426
3796 1511 579
3766 1513 538
3681 1322 851
3641 1513 532
3598 1427 760
3520 1384 804
3483 1511 498
3878 1508 477
3895 1504 462
3779 1494 429
1915 681 178
3358 1501 449
3133 1506 468
2961 918 951
2882 1498 439
2802 1490 418
2685 1502 453
3061 1502 454
584 1513 514
616 1510 490
622 1507 473
639 1512 513
682 1511 500
435 1513 535
459 1496 433
1342 1501 623
1094 1508 479
1013 1157 149
222 1026 124
50 1475 385
5 744 919
156 469 730
295 406 523
10 708 907
14 1231 899
28 1231 899
41 1231 899
115 1231 899
116 1231 899
144 1231 899
149 1231 899
226 1231 899
312 1231 899
326 1231 899
343 1231 899
36 949 952
135 965 952
251 733 916
309 965 952
69 441 683
121 413 605
165 414 465
84 711 908
1411 1037 948
1463 1109 937
1527 1431 319
1749 1502 452
405 1472 380
568 1513 560
541 1513 528
2771 1496 433
2791 1500 445
3088 1501 450
2801 1497 436
2942 1430 317
3015 1499 441
3099 1500 446
3418 1498 440
2014 626 205
2158 631 202
2177 409 495
2252 448 377
2255 695 172
2453 407 505
2466 560 249
3631 1513 534
3777 1504 460
756 1508 593
826 1508 593
799 1508 594
723 1504 592
3857 1508 523
3784 1492 636
3654 1119 931
3472 1439 737
3482 1417 765
3644 1508 552
3685 1450 722
3698 1459 708
3840 1419 762
3832 759 920
3459 1504 487
3763 1508 535
2614 540 271
2568 413 498
2424 646 199
2357 625 211
1950 626 210
1933 674 185
2360 665 190
2105 666 189
2238 679 183
3311 1495 446
2852 1472 390
2837 994 126
3556 1269 877
3817 1202 906
3496 1462 703
2941 1495 447
490 1508 518
491 1508 535
502 1508 537
380 1508 534
1088 1500 608
1178 1505 581
1641 1505 488
986 1495 446
943 1492 437
1244 1496 448
1090 1489 429
318 1494 632
298 598 847
268 1508 541
178 766 922
108 764 921
127 764 921
159 1119 931
184 698 899
197 661 882
281 691 896
284 659 881
320 737 913
87 561 819
45 411 521
65 1459 366
314 872 943
629 1502 473
920 1482 663
1860 1508 520
1434 1403 779
1055 1481 666
1050 1496 449
1266 1464 699
1441 1443 732
1544 1504 587
1564 1407 775
1585 1404 778
1822 1500 466
1905 1463 702
1401 1024 946
1887 1500 467
477 1499 461
646 1478 402
2968 1499 462
3343 1495 445
3254 1497 454
2957 1494 444
2700 1494 443
2709 1495 445
2818 1493 441
3067 1495 445
3057 1501 468
2695 1507 507
2816 1493 439
2878 1508 549
2900 1500 464
3092 1029 128
3202 1391 791
3281 1497 452
3367 1497 452
3349 1475 395
1934 588 234
2373 692 177
2193 486 328
2130 619 214
3470 1492 637
3769 1479 669
3778 1505 583
3503 1491 434
3532 1506 496
3622 1505 489
3668 1501 470
716 1503 595
763 1503 595
836 1503 593
837 1498 592
762 1498 592
751 1499 592
3473 1504 536
3538 1504 536
3541 1504 536
3595 1504 536
3567 1504 536
3628 1434 337
3657 1504 536
3725 1504 536
3739 1504 536
3743 1504 536
3819 1504 536
3868 1504 536
3874 1504 536
3892 1504 536
3912 1504 536
3917 1504 536
2515 703 177
2152 628 213
2954 1487 437
3190 1488 441
2710 1160 157
2769 1474 404
3130 1496 604
3300 664 194
3139 966 129
2726 1315 228
3229 1394 292
3392 1009 130
3095 588 239
2809 993 130
2677 1490 447
628 1494 461
575 1499 485
440 1426 747
508 1470 395
382 1502 566
1892 1492 454
1853 1503 531
1779 1438 731
1602 1499 485
1492 1435 339
1251 1485 433
1150 1441 727
39 464 704
105 497 752
7 577 827
246 694 893
57 1038 940
75 500 755
85 608 848
258 466 709
274 416 540
341 494 326
79 416 553
1089 1493 457
1127 1488 440
1364 1503 517
1422 1198 903
1518 1495 609
1537 1303 853
1802 1493 455
1901 1496 469
357 1500 492
369 1503 559
381 1496 604
424 1496 604
457 1486 435
469 1497 601
486 1496 604
505 1496 604
509 1503 531
516 1500 492
518 1500 492
551 1496 604
554 1482 423
407 1500 491
528 1500 582
442 1504 534
535 1490 626
2822 1495 467
2693 1494 460
3156 1487 438
2744 1489 444
3278 1500 490
3205 1490 448
2727 1491 450
3024 1491 449
3245 1499 487
3222 1499 484
3361 1494 462
2699 1490 447
2723 1489 443
2766 923 130
2821 1502 570
2847 1491 450
3112 1492 452
3292 1490 446
1922 672 191
2455 560 260
2587 677 188
2181 664 194
2562 584 242
2656 540 277
2277 430 444
3479 1476 408
3481 1476 408
3516 1476 408
3523 1476 408
3562 1476 408
3581 1504 536
3594 1476 408
3613 1476 408
3639 1476 408
3649 1476 408
3695 1476 408
3883 1476 408
3898 1476 408
3919 1476 408
3505 1493 617
3512 1441 727
3533 1379 797
3929 568 820
3773 1493 617
3850 1494 613
3564 1499 485
3703 562 815
3736 1462 380
3788 855 937
3944 1495 611
794 1494 591
795 1493 592
3855 1499 534
3760 1388 782
3663 1496 500
3484 1247 879
2402 652 205
2291 440 429
2262 1495 585
1988 421 524
1992 739 168
2170 586 245
2076 662 199
2207 573 819
2320 739 168
2349 734 170
2401 460 385
2426 463 694
2444 739 168
2486 689 187
2490 441 426
2513 734 170
2622 1059 139
2650 739 168
2990 1487 452
2682 1491 471
2962 1499 533
2697 1489 461
2820 1490 466
3244 1488 455
3246 1488 457
3373 1487 452
588 1495 492
1874 1446 711
1748 1482 437
1739 1491 468
1317 1438 723
1077 995 940
1171 1398 772
1642 1496 497
2764 1490 463
2923 1486 450
2734 1487 453
3157 1486 449
2964 1491 469
2707 1488 456
2979 1488 456
2856 1485 446
3242 1488 456
3340 1484 442
3374 1484 444
3048 1485 446
3208 1483 439
3328 1487 452
3144 1486 449
2876 1487 454
2858 1483 440
3383 1483 440
2999 1485 447
1005 1488 458
907 1498 527
176 602 234
290 879 936
132 971 941
3 459 386
1 494 740
88 843 931
130 787 920
257 503 751
196 905 939
345 425 487
900 1495 487
1676 1480 432
372 1498 553
410 1499 538
634 1476 422
626 1495 488
3561 1316 234
3612 1490 463
3759 1499 536
3465 1499 536
3476 1499 536
3519 1499 536
3571 1499 536
3579 1499 536
3675 1499 536
3708 1499 536
3757 1499 536
3701 1499 536
3774 1499 536
3836 1499 536
3837 1499 536
3918 1447 364
3957 1471 409
3975 1499 536
3964 1499 536
3478 1499 536
3500 1498 545
3508 1491 605
3747 1499 536
3587 1499 536
3655 1499 536
3696 1499 536
3776 1498 545
3783 1499 536
3791 1499 536
3809 1499 536
3920 1499 536
3933 1499 536
3821 1497 510
3499 1497 505
3535 1498 517
3524 1498 514
3645 1435 347
3825 1493 476
3927 1495 490
3690 1492 471
3803 1494 486
3555 1463 391
3511 1499 535
3960 1499 536
3967 1493 478
3937 1499 531
2747 1463 392
2789 960 132
2807 760 161
2888 1185 170
2851 1498 558
2978 1232 188
3069 1487 455
3249 1483 441
3352 1486 451
1930 444 418
2070 680 191
2114 487 342
2119 637 213
2524 535 288
3630 1490 463
3780 925 940
3792 1499 532
693 1494 592
778 1494 592
844 1494 591
722 1493 592
737 1494 592
843 1493 592
765 1493 593
831 1493 594
741 1488 593
3517 1044 932
2599 428 500
2205 425 540
2082 516 313
2120 656 207
2156 645 213
2160 650 211
2146 632 220
2162 540 289
2341 654 208
2260 547 283
2412 644 214
2405 668 201
2570 688 192
2577 631 221
2523 609 235
1982 513 317
2522 448 422
3315 1164 167
3068 1484 462
3058 1481 451
2995 1483 456
2965 1482 454
2670 1481 451
2703 1481 451
2879 1481 451
2889 1481 451
2959 1481 451
2972 1481 451
3008 1481 451
2982 1481 451
3283 1481 451
3309 1459 394
3314 1481 451
3318 1481 451
3325 1481 451
3382 1481 451
3423 1481 451
2663 898 139
3231 1088 148
2883 1486 467
539 1481 622
1594 479 362
1249 1473 426
1756 1481 450
1174 1476 434
1143 1482 620
1042 1484 459
970 1477 438
1033 1488 481
1325 1487 475
31 493 731
339 511 755
103 704 889
148 573 813
30 492 730
48 440 630
330 1044 932
303 547 792
931 1488 480
939 1492 505
1064 1482 453
1212 1491 580
1234 1488 480
1356 1493 552
1478 1490 489
1566 1335 821
1829 1303 843
991 883 933
1726 1494 529
1385 1487 599
1817 1186 900
470 1486 606
576 1484 463
590 1493 523
612 1488 481
664 1490 491
685 1491 498
678 1493 518
623 1488 476
633 1490 490
3550 1344 815
3409 1482 454
3151 1466 410
3326 1465 408
3329 1481 449
2696 1485 463
2735 1480 448
3173 1450 378
3210 1483 458
3307 1480 445
3138 1479 444
3081 1481 450
2934 1485 466
2099 573 813
3443 1494 535
3460 1494 536
3464 1334 251
3466 1492 504
3469 1303 230
3474 1303 230
3554 1493 511
3510 1481 450
3529 1491 495
3468 1493 522
3534 1494 536
3568 1493 521
3601 1383 293
3623 1494 535
3768 1494 533
3782 1494 533
3738 1494 533
3602 1481 450
3634 1494 536
3752 1494 536
3726 1494 535
3829 1494 534
3761 1494 536
3915 1303 230
3764 1494 536
3620 1494 532
3646 1494 533
3648 1494 533
3719 1494 533
3617 1392 302
3931 1490 488
3818 1494 536
3866 1494 532
3881 1494 531
3972 1494 536
3945 1494 532
3786 1494 534
3956 1494 536
3715 1491 499
3815 1491 575
3802 1493 561
3976 1494 534
803 1489 592
720 1489 591
730 1489 592
3615 1486 575
2870 1477 454
862 1453 394
573 1479 463
579 1486 495
589 1485 491
592 1486 495
597 1486 495
603 1479 463
605 1479 463
598 1479 463
609 1485 488
617 1486 495
619 1486 495
618 1487 508
611 1479 463
625 1479 463
630 1488 512
620 1486 577
636 1486 495
644 1482 602
654 1489 537
653 1488 516
666 1482 600
680 1488 511
677 1485 491
684 1479 463
569 1470 641
446 1489 548
1710 1232 877
951 1134 911
973 442 454
990 1478 456
1419 1417 338
1165 1367 790
1098 1472 438
1328 1458 403
1144 1476 451
1410 1459 405
1534 1411 744
1450 1487 568
1666 1473 632
3289 1476 451
2938 1477 453
1678 1380 778
1674 1308 836
1758 1428 352
2813 1474 444
2795 1476 449
3050 1454 396
2667 1475 448
2868 1479 460
2825 1475 446
3431 1448 385
3171 1451 389
3093 1477 453
3043 1476 450
3110 1475 447
3178 1479 460
2803 1474 444
2848 1489 529
3211 1475 446
3357 1466 422
3312 1469 430
2831 1451 389
3393 1473 440
3404 1455 398
1883 1357 799
1719 1464 417
3410 1478 457
3371 1477 454
1161 1346 808
905 1489 527
133 438 603
24 1219 883
53 574 808
92 1219 883
80 785 911
94 951 934
101 1219 883
180 1219 883
187 1219 883
194 1219 883
204 1222 881
242 729 894
249 717 890
254 1219 883
266 1219 883
302 869 928
299 1219 883
346 873 928
329 439 464
231 431 557
66 435 483
212 464 397
965 1481 467
1007 1486 495
1531 1467 649
1084 1479 611
1213 1479 461
1869 1476 450
1910 1488 563
350 1480 608
543 1473 442
413 1488 519
521 1484 593
2746 1303 235
3167 1475 446
3276 1475 446
3430 685 197
1936 507 332
1978 506 333
1990 507 331
2173 505 333
2248 506 332
2286 506 332
2314 503 336
2403 505 334
2497 502 337
2503 507 331
2534 502 338
2618 461 403
2012 526 309
2270 452 426
2454 1437 366
2584 1352 803
3452 1343 263
3658 1418 338
3458 1489 536
3493 1489 525
3558 1488 512
3584 1489 536
3643 1489 525
3711 1489 526
3718 1489 528
3758 1489 536
3810 1489 536
3896 1489 536
3870 1487 508
3903 1489 536
3969 1489 528
3947 1488 515
3909 1489 528
3574 1090 921
3762 1274 218
3735 1484 591
3889 561 798
2305 443 469
1960 592 257
1975 474 388
1965 437 509
2049 498 351
2035 598 252
2023 483 373
2089 713 190
2107 447 454
2126 436 520
2091 603 249
2129 713 190
2231 444 464
2236 590 258
2197 603 249
2361 641 225
2228 838 154
2317 491 361
2342 461 416
2371 478 381
2335 483 373
2411 496 353
2397 503 343
2448 511 333
2440 449 447
2488 622 236
2628 514 329
2474 440 485
2644 504 342
2540 461 415
2947 1474 462
426 1484 541
425 1379 301
362 1480 587
1830 1482 503
1743 1483 513
1646 1174 896
1501 1390 762
1424 1479 484
331 1471 622
308 508 737
276 471 680
908 1134 907
1136 1429 362
1307 1465 433
1274 1477 602
1433 1470 448
1360 1465 433
1187 1358 792
1511 1465 433
1494 1449 396
1421 1449 396
1283 1191 889
1321 1289 842
1337 1475 464
1561 534 767
1505 1476 606
1593 1457 413
1555 1465 433
1567 1449 396
1588 1449 396
1687 1479 486
1615 1479 485
1698 1481 575
1806 1396 319
1656 1440 694
1852 1302 835
1825 1465 433
1705 1449 396
1803 1449 396
1847 1470 447
1866 1452 402
1784 1468 441
3020 1437 375
2690 1470 447
2759 1444 387
2836 1471 449
2841 1437 374
2762 1470 448
3221 1472 452
3248 1471 451
3275 1471 450
2784 1471 450
3359 1475 464
3103 1473 456
3241 1473 458
1858 1388 764
1780 1264 857
914 1484 546
1397 1479 483
1481 1470 448
1700 1101 915
3741 1393 759
3563 1484 523
3526 1189 890
3442 1484 536
3455 1455 409
3498 1484 536
3521 462 660
3553 1484 536
3599 1484 536
3590 1218 194
3608 1484 536
3705 1484 536
3463 1484 536
3486 1484 536
3506 1484 536
3509 1484 536
3569 1484 536
3591 1484 536
3593 1484 536
3680 1457 413
3706 1484 536
3714 1484 536
3793 1484 536
3794 1484 536
3822 1484 536
3826 1484 536
3833 1484 536
3869 1297 236
3900 1484 536
3906 1484 536
3924 1484 536
3951 1484 536
3629 1484 536
3636 1484 536
3710 1484 536
3713 1484 536
3722 1000 145
3728 1484 536
3740 1484 536
3835 1484 536
3753 1484 536
3867 1484 536
3862 1484 536
3921 1484 536
3907 1484 536
3831 725 888
3683 436 548
2413 466 405
2312 495 354
3186 1473 458
3192 1472 453
3194 1471 452
3785 803 912
772 1479 590
770 1479 591
718 1479 591
687 1479 591
739 1479 591
709 1479 590
777 1479 590
779 1479 590
748 1479 591
758 1479 591
755 1479 590
783 1479 591
764 1479 591
787 1479 591
793 1479 590
797 1479 592
809 1479 591
817 1479 589
849 1479 590
734 1479 590
807 1479 591
792 1479 590
835 1479 591
838 1479 590
848 1479 591
3462 1479 528
3559 1062 155
3485 1156 897
3627 954 926
3573 640 844
3891 1409 342
698 1475 586
703 1474 590
728 1474 591
856 1474 590
845 1474 590
701 1474 589
727 1474 591
711 1474 591
738 1474 590
2048 444 491
1952 445 590
2185 445 592
3009 1467 452
3109 1467 455
3279 1442 392
2859 1465 447
3075 1467 453
2812 1437 384
3421 1469 460
2819 1466 452
2794 1354 283
2779 1471 467
3420 1468 458
3223 1468 456
1913 459 434
2400 446 479
647 1470 465
665 1470 465
1186 1468 457
59 1479 537
55 479 389
123 503 351
134 442 508
248 739 889
158 480 687
940 1466 450
1418 1457 648
1650 1447 671
1141 1461 434
1308 1461 434
1152 1407 339
1169 1470 465
1453 1301 830
1575 1334 807
375 1380 765
462 1415 723
558 1455 420
2298 484 381
2605 1059 919
3042 1075 157
2019 470 667
2443 518 331
2036 441 560
2214 442 507
2186 442 565
2641 441 515
3697 491 676
3450 1181 872
3642 1373 305
3913 1469 521
2572 561 765
2249 454 493
3080 1156 176
2948 965 910
3414 1431 673
2668 1437 396
2702 1458 450
3189 1460 456
3236 1450 425
2918 1458 450
3032 1459 451
2832 1452 431
3380 1451 427
3001 1469 511
3356 1462 467
3176 1462 466
3285 1462 465
676 1468 556
354 1454 621
359 1469 541
361 1469 528
396 1469 537
403 1454 621
458 1468 558
489 1469 540
450 1465 575
474 1469 532
481 1466 572
418 1451 629
510 1454 622
455 1456 614
531 1467 492
519 1469 538
546 1469 542
547 1464 581
1745 1468 551
1228 1455 439
334 540 313
82 1465 578
238 1462 465
324 486 666
72 452 520
232 453 559
185 493 679
964 1469 539
1062 1468 550
1667 1465 480
1672 1461 462
1497 1266 834
1831 1464 582
1658 792 168
2917 1261 221
2016 514 344
3471 1107 894
3845 1286 822
3852 1434 667
3667 1224 202
3656 821 895
3618 1275 824
3497 1449 435
3707 1396 339
2085 457 552
2581 456 523
2313 554 752
2772 1455 456
2686 1455 455
355 1463 551
367 1451 615
416 1447 628
504 1457 594
421 1464 526
548 1461 569
555 1455 600
565 1442 641
2635 504 688
1241 1458 469
1091 1394 336
1035 1457 464
1412 1460 477
1781 1456 460
62 726 194
141 550 748
224 531 727
213 606 798
161 462 583
236 474 627
291 493 669
1223 1443 419
1440 1287 816
1805 1121 887
1747 1457 464
1771 1147 879
577 1458 467
578 1458 467
582 1458 467
583 1458 467
595 1458 467
600 1458 467
599 1458 467
615 1458 467
627 1458 467
632 1458 467
635 1463 502
640 1458 467
643 1458 467
650 1458 467
658 1458 467
659 1458 467
661 1458 467
662 1458 467
670 1458 467
675 1458 467
681 1458 467
2775 1463 506
2737 1455 458
3273 1458 468
2739 1456 460
2829 1457 464
3062 1457 463
3306 1456 462
2715 1446 428
2865 1454 453
3124 1432 395
3215 1441 415
2967 1321 792
3010 1117 169
3341 1454 451
2288 1462 495
2531 480 413
3438 778 881
3491 749 872
3670 814 886
3527 1269 822
2566 466 583
2096 464 566
3294 1322 270
3286 1070 894
2984 1451 458
2830 1451 459
3319 1451 461
2711 1451 461
2687 1450 457
2846 1450 458
3013 1451 459
3041 1451 458
3209 1451 458
3331 1458 496
2718 1451 461
2843 1449 453
3187 1427 396
3196 1450 457
3255 1450 455
3264 1450 456
3337 1450 457
3199 1450 457
3259 1451 459
3365 1436 416
2844 1451 460
3369 1450 456
557 1448 609
1526 1458 552
1363 1449 453
1629 1449 453
1296 1454 475
1785 1453 468
962 1453 470
1095 1363 750
1294 1391 340
1671 1459 526
926 1316 791
977 1447 444
1815 1449 451
1139 1449 452
1906 1453 469
1484 1430 655
1618 866 896
352 1402 703
494 1362 751
536 1432 650
3440 555 747
2768 1450 458
3007 1451 459
3394 1157 184
3390 617 261
3540 674 831
3480 731 857
3693 996 898
3750 660 823
3609 1308 792
3886 1339 290
415 1451 482
445 1444 604
495 1446 599
1626 1208 849
1911 1287 807
1439 467 512
0 1197 854
9 958 158
21 592 776
13 1008 897
26 986 158
25 1100 884
40 541 724
56 592 776
67 592 776
98 938 899
104 563 749
109 698 842
118 680 223
172 1450 476
113 470 482
119 1046 163
122 592 776
128 592 281
169 592 776
142 1245 225
170 1454 514
186 1409 372
188 649 241
200 681 223
199 715 207
203 1053 164
211 1436 427
223 1451 485
239 635 249
252 631 252
261 1442 444
265 1225 841
271 1348 758
272 597 780
277 1450 577
280 561 310
297 466 536
322 592 776
285 592 776
304 592 776
315 592 776
313 634 250
325 534 717
342 1391 346
323 618 796
332 569 302
389 1455 528
397 1454 513
949 1449 471
1041 1447 464
944 1444 452
1011 1447 464
1037 1448 468
924 1442 444
1010 1442 445
1275 1443 448
1109 1413 379
1188 1444 452
1131 1441 441
1106 1450 481
1121 1450 477
1072 1446 460
1189 1448 469
1226 1453 498
1246 1451 485
1167 1447 465
1225 1447 464
1260 1445 456
1236 1441 441
1299 1447 464
1304 1438 433
1310 1444 452
1355 1439 435
1496 1445 457
1259 1448 468
1311 1449 471
1348 1449 471
1306 1441 442
1428 1449 471
1469 1448 468
1415 1447 462
1482 1446 459
1504 1448 468
1500 1446 460
1633 1448 468
1425 1448 467
1625 1453 499
1660 1453 500
1464 1454 509
1773 1454 507
1801 1454 504
976 1454 516
601 1453 500
1634 1446 460
1686 1449 473
1876 1451 484
1507 1449 474
1541 1451 483
1624 1446 460
1709 1447 462
1529 1372 734
1727 1431 641
1681 1451 483
1738 1452 493
1770 1453 500
1904 1447 464
1725 1448 468
1247 1370 736
1553 1315 787
972 880 894
1069 843 888
1063 856 891
1400 1454 516
2724 1453 499
2662 1446 458
2728 1445 457
2713 1439 435
3077 1444 452
2730 1434 424
2675 1446 460
2871 1446 460
2932 1446 459
2758 1445 458
2955 1445 457
2783 1446 458
3087 1446 460
3002 1446 461
2845 1445 457
2892 1453 497
3019 1451 482
3018 1446 458
2921 1446 460
3107 1429 412
3097 1439 436
2996 1435 426
3136 1446 459
3086 1445 457
3072 1444 454
3214 1424 400
3016 1442 446
3219 1445 457
3256 1434 424
3253 1447 463
3327 1447 462
3148 1446 461
3313 1446 461
3191 1446 459
3162 1453 495
3100 1450 481
3168 1434 422
3177 1446 459
3203 1448 466
3233 1452 491
3207 1446 461
3295 1455 523
3346 1445 457
3366 1451 482
3379 1445 456
3412 1455 525
3415 1446 460
3395 1446 458
3385 1446 458
3263 1444 451
2981 559 745
3039 1446 461
3260 1442 463
2761 488 623
3193 1094 881
2891 1055 888
3237 1139 870
3303 759 194
2751 1449 508
2496 528 700
1900 1414 665
1085 1018 164
3437 1450 536
3448 482 450
3449 1153 866
3456 495 642
3495 859 169
3501 1144 188
3475 888 891
3488 1156 192
3514 543 720
3518 701 217
3528 1322 776
3542 1445 579
3545 475 480
3557 1421 652
3596 1160 863
3525 471 523
3577 1097 881
3576 910 163
3604 874 167
3578 989 895
3611 1260 818
3605 1450 519
3635 823 881
3640 545 334
3687 723 207
3633 1182 856
3586 1022 892
3651 628 259
3674 1450 529
3625 816 879
3672 1096 881
3684 1441 596
3677 603 278
3692 982 162
3721 1447 566
3702 945 895
3731 560 317
3730 585 293
3737 1376 722
3734 1228 835
3756 703 216
3797 1015 164
3830 1358 315
3790 616 789
3800 1201 848
3804 1378 337
3824 1386 710
3838 1446 573
3828 1357 313
3860 587 765
3858 1256 821
3884 476 583
3902 923 162
3873 1449 514
3842 480 459
3851 969 895
3841 892 892
3938 524 362
3877 559 738
3930 1442 593
3926 596 283
3943 1036 891
3948 915 894
3962 815 178
3968 904 893
3971 1117 876
3966 1184 855
933 1444 475
1503 1445 478
1489 1443 469
1704 1445 475
1850 1444 473
913 1311 785
968 879 890
1052 1419 657
1070 1450 520
1051 1369 327
1159 1365 322
994 1397 362
1217 1450 522
1183 1433 622
1338 1417 396
1258 1300 264
1343 1400 368
1436 1414 665
1444 1418 659
1366 1360 317
1472 1443 469
1525 1403 372
1536 1449 508
1025 1441 597
1545 1447 488
1679 1450 529
1897 1298 794
1357 1422 650
1408 1446 483
1807 1433 624
1569 1445 476
1630 1450 529
1703 1377 336
1699 1370 730
1818 808 180
1885 1111 878
1694 1450 519
1170 1444 472
1286 1445 477
1314 1446 484
422 1448 562
570 1449 544
463 1449 507
2733 1442 462
2958 1442 462
2840 1441 459
2881 1442 462
3377 1441 461
3118 1440 457
3034 1436 442
3170 1441 460
3225 1441 461
3262 1442 464
1928 485 440
2141 474 568
2208 482 605
2310 478 589
2383 1238 826
2050 540 348
2044 889 169
2427 713 216
3163 1249 237
2745 476 538
2684 1437 462
2701 1437 463
2797 1437 463
3011 1437 464
3005 1436 460
3160 1436 460
2665 1437 464
2914 1427 432
2355 496 633
2389 501 413
922 906 889
1702 483 592
1909 1406 671
915 1445 528
1549 1433 450
1695 1444 511
1870 1441 571
901 1436 461
903 1439 474
963 1441 485
992 1439 474
938 1439 474
1097 1436 461
958 1436 461
1118 1436 461
1137 1436 461
1216 1439 474
1232 1436 461
1333 1436 461
1319 1436 461
1371 1204 214
1378 1436 461
1452 1436 461
1468 1436 461
1493 1436 461
1548 1441 485
1533 1439 474
1568 1436 461
1601 1436 461
1733 1439 474
1648 1436 461
1787 1439 474
1798 1436 461
1837 1436 461
1880 1436 461
1895 1436 461
1196 1423 636
1769 1444 508
1836 1354 740
2295 529 694
2557 480 483
2318 479 567
1944 488 609
2029 487 450
2272 497 634
2209 478 559
2296 476 544
2145 491 620
2322 482 588
2366 479 573
2406 492 623
2612 477 553
2416 481 584
2362 476 539
2425 547 718
2480 482 586
2637 482 471
2525 477 558
2854 794 187
3234 777 192
3046 1414 401
2242 503 636
2610 481 546
2787 1428 447
2785 1428 449
3212 1432 463
645 1438 498
451 1439 554
1142 1439 505
1473 1226 229
1556 1432 461
452 1431 598
473 1398 676
560 1392 686
2673 1395 680
2432 494 461
2731 908 174
2987 871 179
1592 1428 469
596 1435 536
948 1434 508
1012 1385 688
1778 1435 534
1763 1433 499
1764 1430 474
2065 495 598
2031 514 649
2211 507 635
2350 1421 614
2435 563 341
3023 746 842
2705 1001 177
420 1426 576
936 1430 538
1001 1420 602
1080 1430 545
930 1419 451
1113 1429 500
1122 1421 598
1155 1321 302
1114 1427 568
1179 1430 528
1210 1415 441
1300 1425 476
1313 1429 504
1237 1430 538
1318 1430 534
1320 1430 543
1332 1426 482
1358 1429 557
1349 1430 522
1374 1428 493
1487 1298 773
1427 1402 408
1429 1429 501
971 1424 473
1649 1424 472
1790 1426 479
1446 1416 443
1514 1430 515
1574 1430 536
1543 1430 516
1512 1429 507
1616 1428 566
1606 1429 506
1565 1430 535
1645 1430 520
1677 1430 523
1740 1430 545
1673 1430 534
1767 1429 503
1692 1428 492
1881 1279 787
1766 1428 494
1744 1429 506
1844 1351 724
1794 1395 394
1878 1428 498
1882 1428 563
368 1371 700
398 1354 721
409 1379 689
479 1415 616
511 1405 643
488 1420 601
434 1427 487
512 1400 652
2530 525 661
3243 1385 386
3123 734 224
3400 689 245
2908 954 180
1821 960 877
1458 1300 767
1327 1425 508
1039 549 365
641 1425 508
1164 1313 756
1381 1419 469
1519 1265 792
1875 1418 468
394 1421 576
471 1415 603
2529 506 602
2672 1418 466
2708 1417 465
2823 1417 464
3079 1418 465
3287 1417 462
3403 1417 462
3213 1326 313
2067 854 868
2234 1011 875
2303 1425 522
2393 890 873
2379 540 668
2571 525 640
2544 604 747
614 1420 520
683 1409 605
487 1409 605
1116 951 873
969 1415 474
1081 1415 475
1406 1415 477
919 1415 475
1044 1415 475
604 1419 499
2976 1412 463
3111 1413 467
3298 1413 465
3422 1412 464
3036 1013 186
3137 615 300
360 1415 536
388 1403 608
496 1400 618
482 1413 564
669 1416 529
1405 1223 807
3304 519 444
3296 1410 474
3027 1401 442
3274 1413 493
2951 1408 467
3258 1405 455
2950 1408 465
3272 1408 465
3302 1401 442
651 1416 528
1451 1415 517
2163 539 659
1923 507 556
2155 506 512
3114 1004 189
3166 643 284
2476 1380 395
1942 523 610
1846 1110 847
1774 1409 500
1728 1405 476
1265 1325 727
563 1264 279
430 1372 665
392 1381 649
404 1369 670
408 1382 647
387 1410 553
444 1408 488
432 1398 609
439 1387 637
523 1402 462
545 1400 603
493 1368 672
419 1367 673
537 1360 684
556 1410 549
1215 1405 473
1706 1405 476
1907 1409 497
1350 1406 577
1635 1404 469
2780 1405 473
3089 1398 449
3188 1407 483
2907 1410 543
3135 1340 347
2025 646 287
2626 641 290
2613 1106 213
1958 627 307
2000 572 365
2337 545 407
2346 624 309
2494 550 399
3299 1399 468
3342 1392 447
3353 1398 466
2977 899 197
3129 790 220
1884 1401 479
1369 943 862
348 1405 542
353 1386 628
363 1405 542
366 1405 542
373 1406 536
370 1406 536
374 1303 742
376 1405 542
378 1406 536
391 1406 536
400 1399 586
395 1406 536
402 933 195
412 1303 742
414 1400 474
423 524 462
428 843 206
417 1406 536
431 1406 536
436 1406 536
438 1406 536
456 518 569
460 1395 601
461 1406 536
465 1303 742
475 1400 474
484 1331 714
497 1303 742
492 1406 536
500 1406 536
503 1303 742
513 1406 536
506 1406 536
507 1303 742
514 1406 536
517 1405 542
515 1406 536
524 1406 536
520 1406 536
527 1406 536
525 1303 742
538 1405 542
542 1406 536
553 1303 742
544 1406 536
559 1303 742
561 1303 742
566 1275 765
567 1406 536
580 1400 474
591 1406 536
606 1393 608
637 1406 531
1435 591 342
1863 1295 749
2021 543 412
2092 727 813
1968 638 303
1976 566 380
1999 676 276
2297 605 333
2639 576 367
2658 603 335
2850 974 198
3228 868 205
898 1394 470
1316 1396 479
989 1394 472
2875 1394 468
3261 1394 468
3140 1393 467
2147 832 845
2226 520 513
1964 554 647
2345 622 735
2367 625 737
1914 685 275
1919 728 252
1921 573 379
1935 618 326
1927 618 326
1931 728 252
1957 685 275
1951 550 419
1972 525 507
1973 562 396
1980 824 218
1991 560 399
1995 526 499
1998 560 399
2001 610 334
2004 526 499
2009 547 425
2011 597 348
2006 685 275
2018 525 518
2022 540 441
2024 529 481
2027 530 479
2116 527 492
2061 824 218
2097 685 275
2171 526 499
2157 526 499
2192 597 348
2159 824 218
2202 618 326
2225 540 442
2284 560 399
2364 530 479
2365 728 252
2378 526 499
2447 526 499
2459 525 540
2538 526 498
2585 618 326
2620 728 252
2583 530 479
2627 728 252
2633 685 275
2636 560 399
2645 560 399
2640 526 498
2648 824 218
2647 560 399
2657 685 275
2659 618 326
2660 530 479
2806 1328 353
1851 1192 805
1015 1390 475
1438 1391 479
1508 1390 473
1638 1390 475
1578 1391 481
2502 588 698
2519 529 576
2712 1389 468
3224 1396 539
2720 1388 467
3017 1388 467
2894 1392 485
3411 1392 484
2904 1390 473
3154 1386 459
3288 1389 468
3360 1389 468
3345 1393 490
3386 1386 457
2887 917 203
3052 932 202
2953 1291 742
2449 938 851
2221 531 500
1987 533 569
3301 576 675
3250 1029 209
3204 1382 460
3321 1384 468
3406 1384 468
3025 945 205
3257 882 211
1550 1385 475
1245 1386 478
1848 1386 477
1278 852 841
2274 534 479
1407 1156 812
483 1386 535
917 1386 522
942 1383 487
941 1384 491
954 1380 472
984 1380 473
1014 1381 477
1018 1380 472
1032 1386 520
1020 1386 535
1066 1380 472
1099 1379 469
1102 1379 469
1108 1380 473
1261 1379 469
1166 1379 469
1273 1386 523
1282 1380 472
1281 1379 469
1309 1379 469
1373 1380 475
1382 1379 469
1324 1379 469
1396 1379 469
1303 1378 466
988 1380 475
1190 1380 473
1115 1382 481
1515 1381 476
1454 1379 469
1495 1379 469
1502 1380 475
1729 1379 469
1229 1380 474
1812 1379 469
1582 1379 469
1661 1382 484
1595 1304 340
1742 1381 476
1732 1379 469
1751 1379 469
1783 1380 471
1786 1380 472
1820 1379 469
1824 1380 475
1871 1381 478
1392 1380 475
1720 1382 484
1893 1380 474
1682 1381 479
1903 1381 479
1828 1379 469
1894 1386 545
2716 1376 460
2748 1377 461
2753 1379 469
2901 1380 475
2781 1380 475
2796 1380 475
2936 1379 469
2937 1379 469
3060 1379 469
3038 1380 475
2989 1379 469
3106 1382 481
3198 1377 461
3172 1376 459
3076 1379 469
3145 1377 462
3182 1379 469
3179 1382 483
3332 1379 469
3240 1379 469
3316 1380 474
3355 1379 469
3350 1382 483
3396 1379 469
3378 1379 469
2924 987 209
2387 1355 648
2222 539 541
2415 539 522
2057 573 653
1517 1329 681
1221 1376 478
1315 1377 480
1873 1377 480
2756 1021 216
3238 631 726
2874 1261 749
2946 1363 435
3335 1376 475
3113 1376 475
3051 1373 464
3185 1376 475
3115 1375 475
3320 1373 464
3399 739 797
2110 556 454
2681 866 224
2743 1314 694
2729 1043 222
3158 1306 702
3435 1377 529
2835 665 308
3014 975 216
2661 1369 470
2674 1369 470
2742 1369 470
2719 1369 470
2778 1369 470
2770 1369 470
2765 1369 470
2793 1369 470
2828 1369 470
2833 1369 470
2849 1369 470
2853 1369 470
2863 1213 280
2869 1369 470
2939 1369 470
2970 1369 470
3021 1369 470
2973 1369 470
2992 1369 470
2991 1369 470
3035 1369 470
3049 1120 817
3070 1369 470
3082 1369 470
3101 1369 470
3102 1369 470
3116 1369 470
3120 1369 470
3132 1369 470
3146 1369 470
3152 1369 470
3150 1369 470
3169 1369 470
3201 1369 470
3206 1369 470
3239 1369 470
3247 1369 470
3252 1369 470
3265 1369 470
3267 1369 470
3277 1369 470
3280 1369 470
3291 1369 470
3297 1369 470
3330 1369 470
3344 1369 470
3351 1369 470
3347 1369 470
3381 1369 470
3416 1369 470
3391 1369 470
3397 1369 470
3419 1369 470
3434 1369 470
896 1369 470
902 1369 470
957 1369 470
975 1369 470
981 1369 470
1036 1369 470
1009 1369 470
1021 1346 411
1019 1369 470
1060 1377 533
1067 1369 470
1082 1369 470
1104 1369 470
1100 1369 470
1129 1369 470
1120 1369 470
1192 1377 533
1148 1369 470
1227 1369 470
1158 1369 470
1235 1377 533
1204 1369 470
1231 1369 470
1257 1369 470
1284 1369 470
1277 1369 470
1292 1369 470
1279 1369 470
1298 1377 533
1322 1369 470
1345 1369 470
1347 1369 470
1379 1369 470
1404 1244 757
1426 1369 470
1423 1377 533
1413 1369 470
1432 1369 470
1462 1369 470
1448 1369 470
1459 1369 470
1475 1369 470
1479 1369 470
1573 1369 470
1576 1369 470
1583 1369 470
1587 1369 470
1591 1369 470
1596 1369 470
1611 1357 623
1628 1369 470
1636 1369 470
1680 1377 533
1655 1369 470
1647 1369 470
1715 1377 533
1691 1369 470
1716 1369 470
1841 1369 470
1857 1369 470
1859 1369 470
1862 1369 470
1872 1369 470
1899 1369 470
2576 1147 254
2473 599 676
1532 1007 835
1843 963 220
2683 549 512
2738 1045 226
2741 552 491
2873 569 434
2773 843 233
2810 1310 366
2763 865 829
2931 973 220
2896 619 701
3073 1227 763
2945 1325 671
2929 1005 222
2993 570 625
2994 670 310
2988 1337 653
3084 713 775
3029 1029 224
3085 555 583
3119 574 634
3293 950 220
3220 1122 245
3433 1368 487
3364 1120 244
3117 947 220
3384 1022 223
3184 580 647
2706 1219 293
3004 554 522
3104 957 223
2862 560 581
3362 691 300
526 1158 795
1460 1251 736
1398 918 828
1485 1279 712
1524 698 757
2680 658 727
2749 1029 232
2325 559 538
2003 563 528
2075 565 552
2390 571 584
2479 564 522
2652 564 517
959 732 772
1513 1357 526
1572 1140 794
2974 604 659
2239 590 625
2518 573 485
1365 670 726
1068 1240 327
1832 736 765
1195 1146 783
1437 1063 248
1684 1341 474
2664 1236 325
2669 666 717
2666 1345 563
2676 1144 784
2689 587 604
2679 645 360
2750 1318 418
2694 1095 256
2717 593 620
2754 1043 245
2698 1079 252
2757 1311 651
2755 1339 469
2777 1278 694
2782 605 643
2786 581 470
2800 997 817
2815 1247 333
2827 1101 258
2839 1318 639
2864 1221 314
2867 1172 285
2866 1002 240
2872 1000 817
2877 578 573
2880 597 429
2897 1068 249
2906 628 677
2890 1256 716
2905 1164 775
2909 1322 632
2910 1253 719
2911 650 702
2912 1055 810
2913 600 635
2915 1293 381
2919 573 529
2916 1295 382
2920 1346 506
2927 731 762
2928 1116 794
2925 676 331
2940 1290 681
2943 1008 816
2944 1295 675
2956 628 677
2960 1018 241
2966 581 588
2985 1332 609
2986 1080 252
2969 1062 248
3000 1068 250
3026 819 258
3022 609 651
3033 699 314
3040 1159 279
3047 1327 435
3064 1285 686
3054 1246 333
3056 1318 639
3065 931 818
3078 641 692
3090 1253 338
3142 1347 520
3096 668 338
3098 703 746
3108 1294 382
3149 934 239
3174 669 337
3195 746 287
3226 1284 688
3232 576 565
3284 1325 626
3324 789 789
3339 878 245
3348 780 785
3363 834 254
3387 601 421
3417 1136 787
3426 660 345
1180 1315 636
1092 1215 742
1393 1202 751
1540 877 808
2259 730 753
1389 1249 711
1981 583 522
1054 1206 738
1734 1193 747
1970 588 531
2243 597 468
2235 592 568
2280 595 582
2232 633 662
2438 613 629
2603 588 544
1293 1273 674
2330 610 612
2258 662 684
2311 934 800
1722 978 800
2385 686 707
2137 670 691
2396 618 618
2501 602 528
2101 618 606
2215 618 606
1285 1049 789
1723 997 795
1754 1235 700
2609 694 708
2285 653 658
2547 613 574
1110 1184 733
1523 1009 791
1724 1298 452
1112 1028 788
897 1145 754
995 1311 501
1074 1309 568
1219 1008 791
2304 609 555
2417 644 638
2062 621 586
2198 612 538
2293 665 667
932 1217 357
1571 1168 734
2161 640 610
1542 1234 678
983 1100 756
1336 1265 426
1029 1244 660
1056 1253 648
1201 1262 422
1535 1293 507
1772 1149 735
1528 1137 741
1765 1172 722
1123 1254 647
1782 1100 755
982 695 674
1040 1083 757
1457 946 775
1047 1176 714
1811 1275 599
1470 1183 710
1939 644 596
1130 964 771
1135 1170 714
1182 1189 701
2465 693 659
1644 753 710
2391 1267 478
1340 931 763
1877 1000 762
927 1111 735
1639 1197 683
2434 646 532
1994 659 580
2264 656 570
2472 669 606
1075 1151 711
1614 1073 744
2536 892 751
1280 1219 408
1312 1108 724
1590 1142 707
906 873 743
1049 1051 742
1209 1229 628
1028 1036 746
1375 791 714
1538 661 541
1688 1135 711
1891 1174 686
2132 661 533
2399 661 518
2537 695 633
1026 1178 677
1207 1042 741
2394 722 658
2445 675 584
2368 671 528
2267 673 555
1351 1074 728
1290 986 745
1796 1090 723
1359 1148 363
1323 1199 652
1287 785 701
1916 677 503
1480 1209 424
1653 952 315
1160 1173 671
1402 719 415
1272 1079 723
1609 1219 618
2315 700 606
967 1155 679
1334 1188 406
1753 1175 663
1659 1217 612
1737 830 714
1819 822 711
1845 1098 711
1388 1146 685
1954 682 504
2594 806 704
2589 689 564
2653 687 550
2377 687 506
2128 715 621
2002 691 487
2287 889 728
999 1164 667
1652 736 409
1003 1202 430
1242 741 653
1344 852 718
1861 1148 680
1539 745 400
1632 1109 702
1580 722 631
1637 1154 675
1048 1160 671
1449 1203 431
2144 732 636
1795 1079 346
997 1176 406
1024 1218 468
1305 1115 694
1409 1070 343
1173 1208 609
1205 1222 478
1483 1227 561
1605 1022 331
1685 1173 654
1620 1094 704
136 759 664
2058 705 473
1864 700 492
1380 696 545
1898 1067 346
2458 742 642
2254 695 534
2608 738 637
953 1018 719
1083 917 721
960 702 502
1156 995 722
1271 1202 602
1288 1085 700
1741 703 558
1570 1105 366
1198 753 646
1214 791 677
107 1211 493
916 911 340
925 1034 345
921 894 714
934 1211 490
952 1010 717
946 713 576
947 990 338
978 1114 682
966 1154 404
1006 887 345
993 1149 658
980 1214 507
1017 877 710
1004 710 489
1059 979 337
1076 1207 479
1078 713 576
1079 771 657
1086 1210 570
1101 1175 633
1107 715 475
1124 1145 661
1117 797 676
1125 1159 408
1126 1168 640
1128 903 715
1149 975 337
1146 1215 512
1172 792 384
1132 715 584
1153 782 391
1163 779 394
1181 797 381
1184 1166 414
1185 1157 406
1175 1110 373
1191 1106 686
1199 881 711
1211 1023 343
1222 1176 425
1230 1215 513
1243 1133 669
1267 1122 677
1269 1102 369
1255 1216 536
1238 1208 480
1250 1059 351
1256 1148 658
1289 1180 430
1291 1065 703
1302 1158 407
1329 1215 543
1331 723 458
1330 1153 655
1335 753 640
1339 1215 548
1352 1075 357
1341 706 506
1361 705 536
1376 944 720
1367 1027 714
1377 825 691
1391 721 597
1370 1049 708
1390 1210 487
1399 817 687
1416 735 619
1431 1082 697
1420 727 450
1456 1083 697
1447 1142 394
1471 815 371
1488 928 719
1467 756 413
1491 1032 712
1516 1040 710
1509 1216 520
1520 709 492
1530 740 626
1522 740 625
1547 1153 403
1551 995 339
1554 1186 439
1557 1044 710
1559 1038 346
1563 929 719
1584 1006 340
1589 726 453
1597 748 422
1600 843 358
1598 1031 344
1603 1184 622
1608 722 459
1610 1214 553
1604 722 597
1613 761 648
1612 1189 614
1617 931 719
1621 709 561
1622 741 429
1643 894 343
1623 975 337
1662 705 529
1619 1027 343
1663 1128 673
1665 1185 437
1668 1045 709
1683 1206 581
1689 965 337
1707 1046 709
1669 1212 561
1675 1077 699
1714 1215 547
1712 1215 540
1717 1035 712
1721 1153 655
1730 740 626
1736 1100 689
1735 911 717
1746 1202 591
1750 792 672
1752 988 719
1757 812 684
1761 768 655
1768 1210 487
1791 722 597
1793 1029 344
1800 905 716
1789 750 419
1799 786 388
1804 705 539
1809 706 549
1810 1032 713
1816 893 343
1826 770 657
1813 1146 660
1827 730 612
1823 706 509
1833 957 720
1835 1114 375
1718 755 642
1465 710 568
1577 811 684
1920 811 684
1932 733 616
1926 733 616
1945 733 616
1940 769 401
1948 733 616
1947 707 501
1955 839 697
1959 720 594
2007 868 707
2010 774 397
2028 733 616
2032 733 616
2038 755 642
2039 733 616
2047 746 633
2042 733 616
2052 733 616
2053 707 553
2054 733 616
2026 850 701
2068 733 616
2071 764 651
2072 752 640
2081 730 612
2087 1102 369
2102 733 616
2111 733 616
2117 733 616
2134 711 570
2127 797 676
2133 776 661
2125 733 616
2138 733 616
2135 711 570
2143 1080 359
2149 711 570
2151 1132 386
2153 759 647
2148 733 616
2174 799 380
2169 707 501
2176 755 642
2180 733 616
2183 811 684
2187 733 616
2189 1211 567
2196 733 616
2191 712 573
2194 742 628
2199 1188 442
2203 799 380
2223 854 703
2224 733 616
2241 711 570
2246 733 616
2247 733 616
2273 774 397
2250 711 570
2268 755 642
2279 746 633
2282 733 616
2283 811 684
2289 711 570
2292 794 674
2294 799 380
2327 909 716
2328 715 583
2302 768 654
2319 707 553
2333 723 599
2332 733 616
2336 1117 377
2338 811 684
2343 778 394
2344 993 338
2384 1148 398
2351 712 573
2372 711 570
2398 758 645
2419 774 397
2436 733 616
2451 707 553
2420 746 633
2509 724 601
2461 797 676
2463 711 570
2471 745 631
2475 707 501
2498 799 380
2512 1027 343
2429 926 718
2478 1040 711
2510 811 684
2491 733 616
2508 733 616
2511 811 684
2516 732 614
2555 811 684
2533 848 701
2567 718 590
2582 711 570
2588 755 642
2598 733 616
2592 712 573
2597 802 679
2629 779 663
2616 705 533
2617 707 554
2649 797 676
2642 732 614
2643 733 616
1839 822 367
1842 1161 648
1849 1216 536
1879 823 690
1888 1199 596
1867 706 550
1886 1058 706
1868 781 392
1902 1157 651
2055 866 699
2136 899 703
2606 895 695
2499 1052 397
1989 948 672
2353 1134 590
1963 809 605
2407 823 607
2392 940 653
2164 892 644
2462 918 650
2179 1075 452
2554 1045 433
2210 916 635
2591 837 473
2056 1015 628
2060 985 627
2300 1083 559
2574 892 606
2213 891 601
2532 893 584
1941 959 603
2489 897 586
2563 1045 488
2552 944 591
2098 913 577
2631 1037 545
2306 948 584
2477 923 573
2506 950 577
2579 947 577
2418 960 570
1925 939 567
2084 1012 545
2046 953 570
1953 970 566
2329 926 557
2165 916 547
2484 933 556
2556 1002 544
2077 957 559
2261 949 558
2237 950 558
2334 963 559
2575 956 559
2646 940 555
2623 958 559
1912 948 517
1917 946 516
1918 944 514
1929 942 513
1938 940 512
1943 939 511
1946 937 510
1962 938 508
1966 944 529
1971 940 530
1979 940 507
1983 942 506
1984 944 505
1985 946 504
1986 935 548
1993 948 503
1997 935 530
2005 931 531
2020 950 503
2030 953 502
2033 931 545
2037 927 531
2040 938 550
2045 924 530
2059 955 502
2043 929 542
2063 956 546
2064 957 501
2069 927 539
2073 960 501
2074 924 527
2078 962 501
2083 969 555
2088 965 501
2086 958 540
2090 967 502
2093 969 502
2095 924 524
2103 925 535
2104 972 502
2108 942 546
2109 928 533
2112 925 521
2115 966 550
2122 965 544
2118 974 503
2121 976 504
2123 978 505
2124 946 542
2131 927 518
2139 929 515
2140 933 533
2142 980 505
2150 951 538
2154 959 534
2172 955 534
2184 982 507
2188 984 508
2190 931 512
2201 986 509
2200 961 534
2206 987 510
2212 958 532
2218 989 512
2216 962 540
2220 990 513
2229 937 532
2233 934 513
2240 991 515
2244 938 515
2253 981 544
2257 963 537
2266 992 516
2271 993 518
2275 993 520
2276 942 532
2278 962 531
2290 994 522
2299 957 537
2307 966 536
2308 994 523
2309 994 525
2323 941 517
2324 944 519
2326 993 526
2331 991 526
2339 988 526
2340 986 526
2347 947 521
2348 984 549
2352 983 526
2354 950 524
2356 981 526
2359 964 545
2363 965 551
2369 947 531
2370 956 542
2374 952 530
2376 977 540
2381 979 526
2386 977 548
2395 957 530
2404 954 533
2409 976 526
2408 969 534
2410 974 526
2414 964 556
2423 966 531
2428 954 526
2430 971 542
2433 987 539
2446 975 535
2460 984 535
2464 972 526
2467 956 556
2468 967 531
2469 981 531
2482 969 526
2492 954 552
2485 967 530
2495 978 531
2500 970 542
2504 985 538
2507 967 526
2520 964 526
2526 951 535
2521 993 532
2542 975 547
2539 972 529
2546 989 531
2543 966 535
2551 982 535
2549 962 526
2550 991 543
2553 977 553
2559 954 546
2560 957 528
2561 966 533
2564 960 525
2573 994 528
2578 958 524
2586 957 523
2590 955 521
2593 948 538
2600 953 551
2601 952 528
2602 953 520
2604 951 519
2607 950 555
2611 945 541
2615 943 553
2619 985 545
2624 949 518
2625 948 529
2630 973 538
2638 941 544
2654 995 534
2655 938 547
708 1458 584
814 1467 594
819 1467 584
840 1462 583
754 1463 595
706 1460 595
747 1463 594
774 1467 593
820 1459 594
780 1468 585
688 1467 585
696 1461 594
829 1469 587
847 1466 593
686 1465 589
694 1463 589
695 1461 589
697 1459 589
705 1464 591
713 1458 589
719 1458 587
724 1459 586
726 1460 585
731 1465 593
745 1462 585
752 1463 593
766 1463 589
760 1464 585
781 1465 585
773 1461 593
784 1459 592
800 1467 591
805 1467 586
810 1458 591
815 1468 590
823 1465 592
824 1468 587
827 1459 590
828 1461 590
830 1468 589
834 1466 589
842 1466 589
853 1463 590
3985 1532 556
3988 1535 559
3993 1534 559
3995 1532 558
4000 1534 559
3986 1535 559
4014 1536 559
4017 1534 559
4021 1538 559
4026 1534 559
4004 1534 559
3980 1533 556
3981 1534 555
3994 1536 554
3982 1536 557
3997 1538 556
3998 1537 556
4009 1535 557
4019 1533 558
4030 1537 558
4018 1536 557
4023 1534 558
